Log file open, 06/13/19 19:48:42
LogWindows: Failed to load 'aqProf.dll' (GetLastError=126)
LogWindows: File 'aqProf.dll' does not exist
LogWindows: Failed to load 'VtuneApi.dll' (GetLastError=126)
LogWindows: File 'VtuneApi.dll' does not exist
LogWindows: Failed to load 'VtuneApi32e.dll' (GetLastError=126)
LogWindows: File 'VtuneApi32e.dll' does not exist
LogConsoleResponse: Display: Failed to find resolution value strings in scalability ini. Falling back to default.
LogInit: Display: Running engine for game: AIE_Project
LogPakFile: Registered encryption key '00000000000000000000000000000000': 0 pak files mounted, 0 remain pending
LogPlatformFile: Not using cached read wrapper
LogTaskGraph: Started task graph with 5 named threads and 23 total threads with 3 sets of task threads.
LogStats: Stats thread started at 0.277346
LogD3D11RHI: Loaded GFSDK_Aftermath_Lib.x64.dll
LogICUInternationalization: ICU TimeZone Detection - Raw Offset: +10:00, Platform Override: ''
LogPluginManager: Mounting plugin Paper2D
LogPluginManager: Mounting plugin AISupport
LogPluginManager: Mounting plugin LightPropagationVolume
LogPluginManager: Mounting plugin ActorLayerUtilities
LogPluginManager: Mounting plugin AnimationSharing
LogPluginManager: Mounting plugin CLionSourceCodeAccess
LogPluginManager: Mounting plugin CodeLiteSourceCodeAccess
LogPluginManager: Mounting plugin GitSourceControl
LogPluginManager: Mounting plugin KDevelopSourceCodeAccess
LogPluginManager: Mounting plugin NullSourceCodeAccess
LogPluginManager: Mounting plugin PerforceSourceControl
LogPluginManager: Mounting plugin SubversionSourceControl
LogPluginManager: Mounting plugin UObjectPlugin
LogPluginManager: Mounting plugin VisualStudioCodeSourceCodeAccess
LogPluginManager: Mounting plugin VisualStudioSourceCodeAccess
LogPluginManager: Mounting plugin XCodeSourceCodeAccess
LogPluginManager: Mounting plugin AssetManagerEditor
LogPluginManager: Mounting plugin CryptoKeys
LogPluginManager: Mounting plugin DataValidation
LogPluginManager: Mounting plugin FacialAnimation
LogPluginManager: Mounting plugin GameplayTagsEditor
LogPluginManager: Mounting plugin MacGraphicsSwitching
LogPluginManager: Mounting plugin MaterialAnalyzer
LogPluginManager: Mounting plugin MobileLauncherProfileWizard
LogPluginManager: Mounting plugin PluginBrowser
LogPluginManager: Mounting plugin SpeedTreeImporter
LogPluginManager: Mounting plugin DatasmithContent
LogPluginManager: Mounting plugin VariantManagerContent
LogPluginManager: Mounting plugin AlembicImporter
LogPluginManager: Mounting plugin AppleImageUtils
LogPluginManager: Mounting plugin AppleVision
LogPluginManager: Mounting plugin BackChannel
LogPluginManager: Mounting plugin CharacterAI
LogPluginManager: Mounting plugin GeometryCache
LogPluginManager: Mounting plugin HTML5Networking
LogPluginManager: Mounting plugin ProxyLODPlugin
LogPluginManager: Mounting plugin SkeletalReduction
LogPluginManager: Mounting plugin MagicLeap
LogPluginManager: Mounting plugin MagicLeapMedia
LogPluginManager: Mounting plugin AndroidMedia
LogPluginManager: Mounting plugin AvfMedia
LogPluginManager: Mounting plugin ImgMedia
LogPluginManager: Mounting plugin LinearTimecode
LogPluginManager: Mounting plugin MediaCompositing
LogPluginManager: Mounting plugin MediaPlayerEditor
LogPluginManager: Mounting plugin WebMMedia
LogPluginManager: Mounting plugin WmfMedia
LogPluginManager: Mounting plugin TcpMessaging
LogPluginManager: Mounting plugin UdpMessaging
LogPluginManager: Mounting plugin ActorSequence
LogPluginManager: Mounting plugin LevelSequenceEditor
LogPluginManager: Mounting plugin MatineeToLevelSequence
LogPluginManager: Mounting plugin NetcodeUnitTest
LogPluginManager: Mounting plugin NUTUnrealEngine4
LogPluginManager: Mounting plugin OnlineSubsystemGooglePlay
LogPluginManager: Mounting plugin OnlineSubsystemIOS
LogPluginManager: Mounting plugin OnlineSubsystem
LogPluginManager: Mounting plugin OnlineSubsystemNull
LogPluginManager: Mounting plugin OnlineSubsystemUtils
LogPluginManager: Mounting plugin LauncherChunkInstaller
LogPluginManager: Mounting plugin AndroidDeviceProfileSelector
LogPluginManager: Mounting plugin AndroidMoviePlayer
LogPluginManager: Mounting plugin AndroidPermission
LogPluginManager: Mounting plugin AppleMoviePlayer
LogPluginManager: Mounting plugin ArchVisCharacter
LogPluginManager: Mounting plugin AudioCapture
LogPluginManager: Mounting plugin CableComponent
LogPluginManager: Mounting plugin CustomMeshComponent
LogPluginManager: Mounting plugin EditableMesh
LogPluginManager: Mounting plugin ExampleDeviceProfileSelector
LogPluginManager: Mounting plugin Firebase
LogPluginManager: Mounting plugin GoogleCloudMessaging
LogPluginManager: Mounting plugin IOSDeviceProfileSelector
LogPluginManager: Mounting plugin LinuxDeviceProfileSelector
LogPluginManager: Mounting plugin LocationServicesBPLibrary
LogPluginManager: Mounting plugin MobilePatchingUtils
LogPluginManager: Mounting plugin OculusVR
LogPluginManager: Mounting plugin PhysXVehicles
LogPluginManager: Mounting plugin ProceduralMeshComponent
LogPluginManager: Mounting plugin RuntimePhysXCooking
LogPluginManager: Mounting plugin SignificanceManager
LogPluginManager: Mounting plugin SteamVR
LogPluginManager: Mounting plugin WebMMoviePlayer
LogPluginManager: Mounting plugin WindowsMoviePlayer
LogInit: Using libcurl 7.55.1-DEV
LogInit:  - built for x86_64-pc-win32
LogInit:  - supports SSL with OpenSSL/1.1.1
LogInit:  - supports HTTP deflate (compression) using libz 1.2.8
LogInit:  - other features:
LogInit:      CURL_VERSION_SSL
LogInit:      CURL_VERSION_LIBZ
LogInit:      CURL_VERSION_IPV6
LogInit:      CURL_VERSION_ASYNCHDNS
LogInit:      CURL_VERSION_LARGEFILE
LogInit:      CURL_VERSION_IDN
LogInit:  CurlRequestOptions (configurable via config and command line):
LogInit:  - bVerifyPeer = true  - Libcurl will verify peer certificate
LogInit:  - bUseHttpProxy = false  - Libcurl will NOT use HTTP proxy
LogInit:  - bDontReuseConnections = false  - Libcurl will reuse connections
LogInit:  - MaxHostConnections = 16  - Libcurl will limit the number of connections to a host
LogInit:  - LocalHostAddr = Default
LogInit:  - BufferSize = 65536
LogInit: WinSock: version 1.1 (2.2), MaxSocks=32767, MaxUdp=65467
LogInit: Build: ++UE4+Release-4.22-CL-6574378
LogInit: Engine Version: 4.22.2-6574378+++UE4+Release-4.22
LogInit: Compatible Engine Version: 4.22.0-5660361+++UE4+Release-4.22
LogInit: Net CL: 5660361
LogInit: OS: Windows 10 (Release 1803) (), CPU:         Intel(R) Core(TM) i7-3770 CPU @ 3.40GHz, GPU: NVIDIA GeForce GTX 660 Ti
LogInit: Compiled (64-bit): May 20 2019 09:54:56
LogInit: Compiled with Visual C++: 19.16.27025.01
LogInit: Build Configuration: Development
LogInit: Branch Name: ++UE4+Release-4.22
LogInit: Command Line: 
LogInit: Base Directory: C:/Program Files/Epic Games/UE_4.22/Engine/Binaries/Win64/
LogInit: Installed Engine Build: 1
LogDevObjectVersion: Number of dev versions registered: 23
LogDevObjectVersion:   Dev-Blueprints (B0D832E4-1F89-4F0D-ACCF-7EB736FD4AA2): 10
LogDevObjectVersion:   Dev-Build (E1C64328-A22C-4D53-A36C-8E866417BD8C): 0
LogDevObjectVersion:   Dev-Core (375EC13C-06E4-48FB-B500-84F0262A717E): 3
LogDevObjectVersion:   Dev-Editor (E4B068ED-F494-42E9-A231-DA0B2E46BB41): 30
LogDevObjectVersion:   Dev-Framework (CFFC743F-43B0-4480-9391-14DF171D2073): 35
LogDevObjectVersion:   Dev-Mobile (B02B49B5-BB20-44E9-A304-32B752E40360): 2
LogDevObjectVersion:   Dev-Networking (A4E4105C-59A1-49B5-A7C5-40C4547EDFEE): 0
LogDevObjectVersion:   Dev-Online (39C831C9-5AE6-47DC-9A44-9C173E1C8E7C): 0
LogDevObjectVersion:   Dev-Physics (78F01B33-EBEA-4F98-B9B4-84EACCB95AA2): 0
LogDevObjectVersion:   Dev-Platform (6631380F-2D4D-43E0-8009-CF276956A95A): 0
LogDevObjectVersion:   Dev-Rendering (12F88B9F-8875-4AFC-A67C-D90C383ABD29): 28
LogDevObjectVersion:   Dev-Sequencer (7B5AE74C-D270-4C10-A958-57980B212A5A): 11
LogDevObjectVersion:   Dev-VR (D7296918-1DD6-4BDD-9DE2-64A83CC13884): 2
LogDevObjectVersion:   Dev-LoadTimes (C2A15278-BFE7-4AFE-6C17-90FF531DF755): 1
LogDevObjectVersion:   Private-Geometry (6EACA3D4-40EC-4CC1-B786-8BED09428FC5): 3
LogDevObjectVersion:   Dev-AnimPhys (29E575DD-E0A3-4627-9D10-D276232CDCEA): 17
LogDevObjectVersion:   Dev-Anim (AF43A65D-7FD3-4947-9873-3E8ED9C1BB05): 2
LogDevObjectVersion:   Dev-ReflectionCapture (6B266CEC-1EC7-4B8F-A30B-E4D90942FC07): 1
LogDevObjectVersion:   Dev-Automation (0DF73D61-A23F-47EA-B727-89E90C41499A): 1
LogDevObjectVersion:   FortniteMain (601D1886-AC64-4F84-AA16-D3DE0DEAC7D6): 25
LogDevObjectVersion:   Dev-Enterprise (9DFFBCD6-494F-0158-E221-12823C92A888): 6
LogDevObjectVersion:   Dev-Niagara (F2AED0AC-9AFE-416F-8664-AA7FFA26D6FC): 1
LogDevObjectVersion:   Dev-Destruction (174F1F0B-B4C6-45A5-B13F-2EE8D0FB917D): 2
LogInit: Presizing for max 16777216 objects, including 0 objects not considered by GC, pre-allocating 0 bytes for permanent pool.
LogInit: Object subsystem initialized
LogConfig: Setting CVar [[con.DebugEarlyDefault:1]]
LogConfig: Setting CVar [[r.setres:1280x720]]
[2019.06.13-09.48.42:699][  0]LogConfig: Setting CVar [[r.VSync:0]]
[2019.06.13-09.48.42:699][  0]LogConfig: Setting CVar [[r.RHICmdBypass:0]]
[2019.06.13-09.48.42:699][  0]LogConfig: Applying CVar settings from Section [/Script/Engine.RendererSettings] File [C:/Users/s192033/Documents/Unreal Projects/AIE_Project/Saved/Config/Windows/Engine.ini]
[2019.06.13-09.48.42:699][  0]LogConfig: Setting CVar [[r.GPUCrashDebugging:0]]
[2019.06.13-09.48.42:699][  0]LogConfig: Setting CVar [[r.DefaultFeature.AutoExposure.ExtendDefaultLuminanceRange:1]]
[2019.06.13-09.48.42:699][  0]LogConfig: Applying CVar settings from Section [/Script/Engine.RendererOverrideSettings] File [C:/Users/s192033/Documents/Unreal Projects/AIE_Project/Saved/Config/Windows/Engine.ini]
[2019.06.13-09.48.42:699][  0]LogConfig: Applying CVar settings from Section [/Script/Engine.StreamingSettings] File [C:/Users/s192033/Documents/Unreal Projects/AIE_Project/Saved/Config/Windows/Engine.ini]
[2019.06.13-09.48.42:699][  0]LogConfig: Setting CVar [[s.MinBulkDataSizeForAsyncLoading:131072]]
[2019.06.13-09.48.42:699][  0]LogConfig: Setting CVar [[s.AsyncLoadingThreadEnabled:0]]
[2019.06.13-09.48.42:699][  0]LogConfig: Setting CVar [[s.EventDrivenLoaderEnabled:1]]
[2019.06.13-09.48.42:699][  0]LogConfig: Setting CVar [[s.WarnIfTimeLimitExceeded:0]]
[2019.06.13-09.48.42:699][  0]LogConfig: Setting CVar [[s.TimeLimitExceededMultiplier:1.5]]
[2019.06.13-09.48.42:700][  0]LogConfig: Setting CVar [[s.TimeLimitExceededMinTime:0.005]]
[2019.06.13-09.48.42:700][  0]LogConfig: Setting CVar [[s.UseBackgroundLevelStreaming:1]]
[2019.06.13-09.48.42:700][  0]LogConfig: Setting CVar [[s.PriorityAsyncLoadingExtraTime:15.0]]
[2019.06.13-09.48.42:700][  0]LogConfig: Setting CVar [[s.LevelStreamingActorsUpdateTimeLimit:5.0]]
[2019.06.13-09.48.42:700][  0]LogConfig: Setting CVar [[s.PriorityLevelStreamingActorsUpdateExtraTime:5.0]]
[2019.06.13-09.48.42:700][  0]LogConfig: Setting CVar [[s.LevelStreamingComponentsRegistrationGranularity:10]]
[2019.06.13-09.48.42:700][  0]LogConfig: Setting CVar [[s.UnregisterComponentsTimeLimit:1.0]]
[2019.06.13-09.48.42:700][  0]LogConfig: Setting CVar [[s.LevelStreamingComponentsUnregistrationGranularity:5]]
[2019.06.13-09.48.42:700][  0]LogConfig: Applying CVar settings from Section [/Script/Engine.GarbageCollectionSettings] File [C:/Users/s192033/Documents/Unreal Projects/AIE_Project/Saved/Config/Windows/Engine.ini]
[2019.06.13-09.48.42:700][  0]LogConfig: Setting CVar [[gc.MaxObjectsNotConsideredByGC:1]]
[2019.06.13-09.48.42:700][  0]LogConfig: Setting CVar [[gc.SizeOfPermanentObjectPool:0]]
[2019.06.13-09.48.42:700][  0]LogConfig: Setting CVar [[gc.FlushStreamingOnGC:0]]
[2019.06.13-09.48.42:700][  0]LogConfig: Setting CVar [[gc.NumRetriesBeforeForcingGC:10]]
[2019.06.13-09.48.42:700][  0]LogConfig: Setting CVar [[gc.AllowParallelGC:1]]
[2019.06.13-09.48.42:700][  0]LogConfig: Setting CVar [[gc.TimeBetweenPurgingPendingKillObjects:61.1]]
[2019.06.13-09.48.42:700][  0]LogConfig: Setting CVar [[gc.MaxObjectsInEditor:16777216]]
[2019.06.13-09.48.42:700][  0]LogConfig: Setting CVar [[gc.IncrementalBeginDestroyEnabled:1]]
[2019.06.13-09.48.42:700][  0]LogConfig: Setting CVar [[gc.CreateGCClusters:1]]
[2019.06.13-09.48.42:700][  0]LogConfig: Setting CVar [[gc.MinGCClusterSize:5]]
[2019.06.13-09.48.42:700][  0]LogConfig: Setting CVar [[gc.ActorClusteringEnabled:0]]
[2019.06.13-09.48.42:700][  0]LogConfig: Setting CVar [[gc.BlueprintClusteringEnabled:0]]
[2019.06.13-09.48.42:700][  0]LogConfig: Setting CVar [[gc.UseDisregardForGCOnDedicatedServers:0]]
[2019.06.13-09.48.42:700][  0]LogConfig: Applying CVar settings from Section [/Script/Engine.NetworkSettings] File [C:/Users/s192033/Documents/Unreal Projects/AIE_Project/Saved/Config/Windows/Engine.ini]
[2019.06.13-09.48.42:700][  0]LogConfig: Applying CVar settings from Section [/Script/UnrealEd.CookerSettings] File [C:/Users/s192033/Documents/Unreal Projects/AIE_Project/Saved/Config/Windows/Engine.ini]
[2019.06.13-09.48.42:705][  0]LogConfig: Applying CVar settings from Section [ViewDistanceQuality@3] File [C:/Users/s192033/Documents/Unreal Projects/AIE_Project/Saved/Config/Windows/Scalability.ini]
[2019.06.13-09.48.42:705][  0]LogConfig: Setting CVar [[r.SkeletalMeshLODBias:0]]
[2019.06.13-09.48.42:705][  0]LogConfig: Setting CVar [[r.ViewDistanceScale:1.0]]
[2019.06.13-09.48.42:705][  0]LogConfig: Applying CVar settings from Section [AntiAliasingQuality@3] File [C:/Users/s192033/Documents/Unreal Projects/AIE_Project/Saved/Config/Windows/Scalability.ini]
[2019.06.13-09.48.42:705][  0]LogConfig: Setting CVar [[r.PostProcessAAQuality:4]]
[2019.06.13-09.48.42:705][  0]LogConfig: Applying CVar settings from Section [ShadowQuality@3] File [C:/Users/s192033/Documents/Unreal Projects/AIE_Project/Saved/Config/Windows/Scalability.ini]
[2019.06.13-09.48.42:705][  0]LogConfig: Setting CVar [[r.LightFunctionQuality:1]]
[2019.06.13-09.48.42:705][  0]LogConfig: Setting CVar [[r.ShadowQuality:5]]
[2019.06.13-09.48.42:705][  0]LogConfig: Setting CVar [[r.Shadow.CSM.MaxCascades:10]]
[2019.06.13-09.48.42:705][  0]LogConfig: Setting CVar [[r.Shadow.MaxResolution:2048]]
[2019.06.13-09.48.42:705][  0]LogConfig: Setting CVar [[r.Shadow.MaxCSMResolution:2048]]
[2019.06.13-09.48.42:705][  0]LogConfig: Setting CVar [[r.Shadow.RadiusThreshold:0.01]]
[2019.06.13-09.48.42:705][  0]LogConfig: Setting CVar [[r.Shadow.DistanceScale:1.0]]
[2019.06.13-09.48.42:705][  0]LogConfig: Setting CVar [[r.Shadow.CSM.TransitionScale:1.0]]
[2019.06.13-09.48.42:705][  0]LogConfig: Setting CVar [[r.Shadow.PreShadowResolutionFactor:1.0]]
[2019.06.13-09.48.42:705][  0]LogConfig: Setting CVar [[r.DistanceFieldShadowing:1]]
[2019.06.13-09.48.42:705][  0]LogConfig: Setting CVar [[r.DistanceFieldAO:1]]
[2019.06.13-09.48.42:705][  0]LogConfig: Setting CVar [[r.AOQuality:2]]
[2019.06.13-09.48.42:705][  0]LogConfig: Setting CVar [[r.VolumetricFog:1]]
[2019.06.13-09.48.42:705][  0]LogConfig: Setting CVar [[r.VolumetricFog.GridPixelSize:8]]
[2019.06.13-09.48.42:705][  0]LogConfig: Setting CVar [[r.VolumetricFog.GridSizeZ:128]]
[2019.06.13-09.48.42:705][  0]LogConfig: Setting CVar [[r.VolumetricFog.HistoryMissSupersampleCount:4]]
[2019.06.13-09.48.42:705][  0]LogConfig: Setting CVar [[r.LightMaxDrawDistanceScale:1]]
[2019.06.13-09.48.42:705][  0]LogConfig: Setting CVar [[r.CapsuleShadows:1]]
[2019.06.13-09.48.42:705][  0]LogConfig: Applying CVar settings from Section [PostProcessQuality@3] File [C:/Users/s192033/Documents/Unreal Projects/AIE_Project/Saved/Config/Windows/Scalability.ini]
[2019.06.13-09.48.42:705][  0]LogConfig: Setting CVar [[r.MotionBlurQuality:4]]
[2019.06.13-09.48.42:705][  0]LogConfig: Setting CVar [[r.AmbientOcclusionMipLevelFactor:0.4]]
[2019.06.13-09.48.42:705][  0]LogConfig: Setting CVar [[r.AmbientOcclusionMaxQuality:100]]
[2019.06.13-09.48.42:705][  0]LogConfig: Setting CVar [[r.AmbientOcclusionLevels:-1]]
[2019.06.13-09.48.42:705][  0]LogConfig: Setting CVar [[r.AmbientOcclusionRadiusScale:1.0]]
[2019.06.13-09.48.42:705][  0]LogConfig: Setting CVar [[r.DepthOfFieldQuality:2]]
[2019.06.13-09.48.42:705][  0]LogConfig: Setting CVar [[r.RenderTargetPoolMin:400]]
[2019.06.13-09.48.42:705][  0]LogConfig: Setting CVar [[r.LensFlareQuality:2]]
[2019.06.13-09.48.42:705][  0]LogConfig: Setting CVar [[r.SceneColorFringeQuality:1]]
[2019.06.13-09.48.42:705][  0]LogConfig: Setting CVar [[r.EyeAdaptationQuality:2]]
[2019.06.13-09.48.42:705][  0]LogConfig: Setting CVar [[r.BloomQuality:5]]
[2019.06.13-09.48.42:705][  0]LogConfig: Setting CVar [[r.FastBlurThreshold:100]]
[2019.06.13-09.48.42:705][  0]LogConfig: Setting CVar [[r.Upscale.Quality:3]]
[2019.06.13-09.48.42:705][  0]LogConfig: Setting CVar [[r.Tonemapper.GrainQuantization:1]]
[2019.06.13-09.48.42:705][  0]LogConfig: Setting CVar [[r.LightShaftQuality:1]]
[2019.06.13-09.48.42:705][  0]LogConfig: Setting CVar [[r.Filter.SizeScale:1]]
[2019.06.13-09.48.42:705][  0]LogConfig: Setting CVar [[r.Tonemapper.Quality:5]]
[2019.06.13-09.48.42:705][  0]LogConfig: Setting CVar [[r.DOF.Gather.AccumulatorQuality:1        ; higher gathering accumulator quality]]
[2019.06.13-09.48.42:705][  0]LogConfig: Setting CVar [[r.DOF.Gather.PostfilterMethod:1          ; Median3x3 postfilering method]]
[2019.06.13-09.48.42:705][  0]LogConfig: Setting CVar [[r.DOF.Gather.EnableBokehSettings:0       ; no bokeh simulation when gathering]]
[2019.06.13-09.48.42:705][  0]LogConfig: Setting CVar [[r.DOF.Gather.RingCount:4                 ; medium number of samples when gathering]]
[2019.06.13-09.48.42:705][  0]LogConfig: Setting CVar [[r.DOF.Scatter.ForegroundCompositing:1    ; additive foreground scattering]]
[2019.06.13-09.48.42:705][  0]LogConfig: Setting CVar [[r.DOF.Scatter.BackgroundCompositing:2    ; additive background scattering]]
[2019.06.13-09.48.42:705][  0]LogConfig: Setting CVar [[r.DOF.Scatter.EnableBokehSettings:1      ; bokeh simulation when scattering]]
[2019.06.13-09.48.42:705][  0]LogConfig: Setting CVar [[r.DOF.Scatter.MaxSpriteRatio:0.1         ; only a maximum of 10% of scattered bokeh]]
[2019.06.13-09.48.42:705][  0]LogConfig: Setting CVar [[r.DOF.Recombine.Quality:1                ; cheap slight out of focus]]
[2019.06.13-09.48.42:705][  0]LogConfig: Setting CVar [[r.DOF.Recombine.EnableBokehSettings:0    ; no bokeh simulation on slight out of focus]]
[2019.06.13-09.48.42:705][  0]LogConfig: Setting CVar [[r.DOF.TemporalAAQuality:1                ; more stable temporal accumulation]]
[2019.06.13-09.48.42:705][  0]LogConfig: Setting CVar [[r.DOF.Kernel.MaxForegroundRadius:0.025]]
[2019.06.13-09.48.42:705][  0]LogConfig: Setting CVar [[r.DOF.Kernel.MaxBackgroundRadius:0.025]]
[2019.06.13-09.48.42:705][  0]LogConfig: Applying CVar settings from Section [TextureQuality@3] File [C:/Users/s192033/Documents/Unreal Projects/AIE_Project/Saved/Config/Windows/Scalability.ini]
[2019.06.13-09.48.42:705][  0]LogConfig: Setting CVar [[r.Streaming.MipBias:0]]
[2019.06.13-09.48.42:706][  0]LogConfig: Setting CVar [[r.Streaming.AmortizeCPUToGPUCopy:0]]
[2019.06.13-09.48.42:706][  0]LogConfig: Setting CVar [[r.Streaming.MaxNumTexturesToStreamPerFrame:0]]
[2019.06.13-09.48.42:706][  0]LogConfig: Setting CVar [[r.Streaming.Boost:1]]
[2019.06.13-09.48.42:706][  0]LogConfig: Setting CVar [[r.MaxAnisotropy:8]]
[2019.06.13-09.48.42:706][  0]LogConfig: Setting CVar [[r.Streaming.LimitPoolSizeToVRAM:0]]
[2019.06.13-09.48.42:706][  0]LogConfig: Setting CVar [[r.Streaming.PoolSize:1000]]
[2019.06.13-09.48.42:706][  0]LogConfig: Setting CVar [[r.Streaming.MaxEffectiveScreenSize:0]]
[2019.06.13-09.48.42:706][  0]LogConfig: Applying CVar settings from Section [EffectsQuality@3] File [C:/Users/s192033/Documents/Unreal Projects/AIE_Project/Saved/Config/Windows/Scalability.ini]
[2019.06.13-09.48.42:706][  0]LogConfig: Setting CVar [[r.TranslucencyLightingVolumeDim:64]]
[2019.06.13-09.48.42:706][  0]LogConfig: Setting CVar [[r.RefractionQuality:2]]
[2019.06.13-09.48.42:706][  0]LogConfig: Setting CVar [[r.SSR.Quality:3]]
[2019.06.13-09.48.42:706][  0]LogConfig: Setting CVar [[r.SceneColorFormat:4]]
[2019.06.13-09.48.42:706][  0]LogConfig: Setting CVar [[r.DetailMode:2]]
[2019.06.13-09.48.42:706][  0]LogConfig: Setting CVar [[r.TranslucencyVolumeBlur:1]]
[2019.06.13-09.48.42:706][  0]LogConfig: Setting CVar [[r.MaterialQualityLevel:1 ; High quality]]
[2019.06.13-09.48.42:706][  0]LogConfig: Setting CVar [[r.SSS.Scale:1]]
[2019.06.13-09.48.42:706][  0]LogConfig: Setting CVar [[r.SSS.SampleSet:2]]
[2019.06.13-09.48.42:706][  0]LogConfig: Setting CVar [[r.SSS.Quality:1]]
[2019.06.13-09.48.42:706][  0]LogConfig: Setting CVar [[r.SSS.HalfRes:1]]
[2019.06.13-09.48.42:706][  0]LogConfig: Setting CVar [[r.EmitterSpawnRateScale:1.0]]
[2019.06.13-09.48.42:706][  0]LogConfig: Setting CVar [[r.ParticleLightQuality:2]]
[2019.06.13-09.48.42:706][  0]LogConfig: Applying CVar settings from Section [FoliageQuality@3] File [C:/Users/s192033/Documents/Unreal Projects/AIE_Project/Saved/Config/Windows/Scalability.ini]
[2019.06.13-09.48.42:706][  0]LogConfig: Setting CVar [[foliage.DensityScale:1.0]]
[2019.06.13-09.48.42:706][  0]LogConfig: Setting CVar [[grass.DensityScale:1.0]]
[2019.06.13-09.48.42:706][  0]LogInit: Selected Device Profile: [Windows]
[2019.06.13-09.48.42:706][  0]LogInit: Applying CVar settings loaded from the selected device profile: [Windows]
[2019.06.13-09.48.42:716][  0]LogHAL: Display: Platform has ~ 32 GB [34319044608 / 34359738368 / 32], which maps to Largest [LargestMinGB=32, LargerMinGB=12, DefaultMinGB=8, SmallerMinGB=6, SmallestMinGB=0)
[2019.06.13-09.48.42:716][  0]LogConfig: Setting CVar [[r.Vulkan.UseRealUBs:0		; Required until we fix HLR fall-out]]
[2019.06.13-09.48.42:716][  0]LogInit: Going up to parent DeviceProfile []
[2019.06.13-09.48.42:717][  0]LogConfig: Applying CVar settings from Section [ViewDistanceQuality@3] File [C:/Users/s192033/Documents/Unreal Projects/AIE_Project/Saved/Config/Windows/Scalability.ini]
[2019.06.13-09.48.42:717][  0]LogConfig: Setting CVar [[r.SkeletalMeshLODBias:0]]
[2019.06.13-09.48.42:717][  0]LogConfig: Setting CVar [[r.ViewDistanceScale:1.0]]
[2019.06.13-09.48.42:717][  0]LogConfig: Applying CVar settings from Section [AntiAliasingQuality@3] File [C:/Users/s192033/Documents/Unreal Projects/AIE_Project/Saved/Config/Windows/Scalability.ini]
[2019.06.13-09.48.42:717][  0]LogConfig: Setting CVar [[r.PostProcessAAQuality:4]]
[2019.06.13-09.48.42:717][  0]LogConfig: Applying CVar settings from Section [ShadowQuality@3] File [C:/Users/s192033/Documents/Unreal Projects/AIE_Project/Saved/Config/Windows/Scalability.ini]
[2019.06.13-09.48.42:717][  0]LogConfig: Setting CVar [[r.LightFunctionQuality:1]]
[2019.06.13-09.48.42:717][  0]LogConfig: Setting CVar [[r.ShadowQuality:5]]
[2019.06.13-09.48.42:717][  0]LogConfig: Setting CVar [[r.Shadow.CSM.MaxCascades:10]]
[2019.06.13-09.48.42:717][  0]LogConfig: Setting CVar [[r.Shadow.MaxResolution:2048]]
[2019.06.13-09.48.42:717][  0]LogConfig: Setting CVar [[r.Shadow.MaxCSMResolution:2048]]
[2019.06.13-09.48.42:717][  0]LogConfig: Setting CVar [[r.Shadow.RadiusThreshold:0.01]]
[2019.06.13-09.48.42:717][  0]LogConfig: Setting CVar [[r.Shadow.DistanceScale:1.0]]
[2019.06.13-09.48.42:717][  0]LogConfig: Setting CVar [[r.Shadow.CSM.TransitionScale:1.0]]
[2019.06.13-09.48.42:717][  0]LogConfig: Setting CVar [[r.Shadow.PreShadowResolutionFactor:1.0]]
[2019.06.13-09.48.42:717][  0]LogConfig: Setting CVar [[r.DistanceFieldShadowing:1]]
[2019.06.13-09.48.42:717][  0]LogConfig: Setting CVar [[r.DistanceFieldAO:1]]
[2019.06.13-09.48.42:717][  0]LogConfig: Setting CVar [[r.AOQuality:2]]
[2019.06.13-09.48.42:717][  0]LogConfig: Setting CVar [[r.VolumetricFog:1]]
[2019.06.13-09.48.42:717][  0]LogConfig: Setting CVar [[r.VolumetricFog.GridPixelSize:8]]
[2019.06.13-09.48.42:717][  0]LogConfig: Setting CVar [[r.VolumetricFog.GridSizeZ:128]]
[2019.06.13-09.48.42:717][  0]LogConfig: Setting CVar [[r.VolumetricFog.HistoryMissSupersampleCount:4]]
[2019.06.13-09.48.42:717][  0]LogConfig: Setting CVar [[r.LightMaxDrawDistanceScale:1]]
[2019.06.13-09.48.42:717][  0]LogConfig: Setting CVar [[r.CapsuleShadows:1]]
[2019.06.13-09.48.42:717][  0]LogConfig: Applying CVar settings from Section [PostProcessQuality@3] File [C:/Users/s192033/Documents/Unreal Projects/AIE_Project/Saved/Config/Windows/Scalability.ini]
[2019.06.13-09.48.42:717][  0]LogConfig: Setting CVar [[r.MotionBlurQuality:4]]
[2019.06.13-09.48.42:717][  0]LogConfig: Setting CVar [[r.AmbientOcclusionMipLevelFactor:0.4]]
[2019.06.13-09.48.42:717][  0]LogConfig: Setting CVar [[r.AmbientOcclusionMaxQuality:100]]
[2019.06.13-09.48.42:717][  0]LogConfig: Setting CVar [[r.AmbientOcclusionLevels:-1]]
[2019.06.13-09.48.42:717][  0]LogConfig: Setting CVar [[r.AmbientOcclusionRadiusScale:1.0]]
[2019.06.13-09.48.42:717][  0]LogConfig: Setting CVar [[r.DepthOfFieldQuality:2]]
[2019.06.13-09.48.42:717][  0]LogConfig: Setting CVar [[r.RenderTargetPoolMin:400]]
[2019.06.13-09.48.42:717][  0]LogConfig: Setting CVar [[r.LensFlareQuality:2]]
[2019.06.13-09.48.42:717][  0]LogConfig: Setting CVar [[r.SceneColorFringeQuality:1]]
[2019.06.13-09.48.42:717][  0]LogConfig: Setting CVar [[r.EyeAdaptationQuality:2]]
[2019.06.13-09.48.42:717][  0]LogConfig: Setting CVar [[r.BloomQuality:5]]
[2019.06.13-09.48.42:717][  0]LogConfig: Setting CVar [[r.FastBlurThreshold:100]]
[2019.06.13-09.48.42:717][  0]LogConfig: Setting CVar [[r.Upscale.Quality:3]]
[2019.06.13-09.48.42:717][  0]LogConfig: Setting CVar [[r.Tonemapper.GrainQuantization:1]]
[2019.06.13-09.48.42:717][  0]LogConfig: Setting CVar [[r.LightShaftQuality:1]]
[2019.06.13-09.48.42:717][  0]LogConfig: Setting CVar [[r.Filter.SizeScale:1]]
[2019.06.13-09.48.42:717][  0]LogConfig: Setting CVar [[r.Tonemapper.Quality:5]]
[2019.06.13-09.48.42:717][  0]LogConfig: Setting CVar [[r.DOF.Gather.AccumulatorQuality:1        ; higher gathering accumulator quality]]
[2019.06.13-09.48.42:717][  0]LogConfig: Setting CVar [[r.DOF.Gather.PostfilterMethod:1          ; Median3x3 postfilering method]]
[2019.06.13-09.48.42:717][  0]LogConfig: Setting CVar [[r.DOF.Gather.EnableBokehSettings:0       ; no bokeh simulation when gathering]]
[2019.06.13-09.48.42:717][  0]LogConfig: Setting CVar [[r.DOF.Gather.RingCount:4                 ; medium number of samples when gathering]]
[2019.06.13-09.48.42:717][  0]LogConfig: Setting CVar [[r.DOF.Scatter.ForegroundCompositing:1    ; additive foreground scattering]]
[2019.06.13-09.48.42:717][  0]LogConfig: Setting CVar [[r.DOF.Scatter.BackgroundCompositing:2    ; additive background scattering]]
[2019.06.13-09.48.42:717][  0]LogConfig: Setting CVar [[r.DOF.Scatter.EnableBokehSettings:1      ; bokeh simulation when scattering]]
[2019.06.13-09.48.42:717][  0]LogConfig: Setting CVar [[r.DOF.Scatter.MaxSpriteRatio:0.1         ; only a maximum of 10% of scattered bokeh]]
[2019.06.13-09.48.42:717][  0]LogConfig: Setting CVar [[r.DOF.Recombine.Quality:1                ; cheap slight out of focus]]
[2019.06.13-09.48.42:717][  0]LogConfig: Setting CVar [[r.DOF.Recombine.EnableBokehSettings:0    ; no bokeh simulation on slight out of focus]]
[2019.06.13-09.48.42:717][  0]LogConfig: Setting CVar [[r.DOF.TemporalAAQuality:1                ; more stable temporal accumulation]]
[2019.06.13-09.48.42:717][  0]LogConfig: Setting CVar [[r.DOF.Kernel.MaxForegroundRadius:0.025]]
[2019.06.13-09.48.42:717][  0]LogConfig: Setting CVar [[r.DOF.Kernel.MaxBackgroundRadius:0.025]]
[2019.06.13-09.48.42:717][  0]LogConfig: Applying CVar settings from Section [TextureQuality@3] File [C:/Users/s192033/Documents/Unreal Projects/AIE_Project/Saved/Config/Windows/Scalability.ini]
[2019.06.13-09.48.42:717][  0]LogConfig: Setting CVar [[r.Streaming.MipBias:0]]
[2019.06.13-09.48.42:717][  0]LogConfig: Setting CVar [[r.Streaming.AmortizeCPUToGPUCopy:0]]
[2019.06.13-09.48.42:717][  0]LogConfig: Setting CVar [[r.Streaming.MaxNumTexturesToStreamPerFrame:0]]
[2019.06.13-09.48.42:717][  0]LogConfig: Setting CVar [[r.Streaming.Boost:1]]
[2019.06.13-09.48.42:717][  0]LogConfig: Setting CVar [[r.MaxAnisotropy:8]]
[2019.06.13-09.48.42:717][  0]LogConfig: Setting CVar [[r.Streaming.LimitPoolSizeToVRAM:0]]
[2019.06.13-09.48.42:717][  0]LogConfig: Setting CVar [[r.Streaming.PoolSize:1000]]
[2019.06.13-09.48.42:717][  0]LogConfig: Setting CVar [[r.Streaming.MaxEffectiveScreenSize:0]]
[2019.06.13-09.48.42:717][  0]LogConfig: Applying CVar settings from Section [EffectsQuality@3] File [C:/Users/s192033/Documents/Unreal Projects/AIE_Project/Saved/Config/Windows/Scalability.ini]
[2019.06.13-09.48.42:717][  0]LogConfig: Setting CVar [[r.TranslucencyLightingVolumeDim:64]]
[2019.06.13-09.48.42:717][  0]LogConfig: Setting CVar [[r.RefractionQuality:2]]
[2019.06.13-09.48.42:717][  0]LogConfig: Setting CVar [[r.SSR.Quality:3]]
[2019.06.13-09.48.42:717][  0]LogConfig: Setting CVar [[r.SceneColorFormat:4]]
[2019.06.13-09.48.42:718][  0]LogConfig: Setting CVar [[r.DetailMode:2]]
[2019.06.13-09.48.42:718][  0]LogConfig: Setting CVar [[r.TranslucencyVolumeBlur:1]]
[2019.06.13-09.48.42:718][  0]LogConfig: Setting CVar [[r.MaterialQualityLevel:1 ; High quality]]
[2019.06.13-09.48.42:718][  0]LogConfig: Setting CVar [[r.SSS.Scale:1]]
[2019.06.13-09.48.42:718][  0]LogConfig: Setting CVar [[r.SSS.SampleSet:2]]
[2019.06.13-09.48.42:718][  0]LogConfig: Setting CVar [[r.SSS.Quality:1]]
[2019.06.13-09.48.42:718][  0]LogConfig: Setting CVar [[r.SSS.HalfRes:1]]
[2019.06.13-09.48.42:718][  0]LogConfig: Setting CVar [[r.EmitterSpawnRateScale:1.0]]
[2019.06.13-09.48.42:718][  0]LogConfig: Setting CVar [[r.ParticleLightQuality:2]]
[2019.06.13-09.48.42:718][  0]LogConfig: Applying CVar settings from Section [FoliageQuality@3] File [C:/Users/s192033/Documents/Unreal Projects/AIE_Project/Saved/Config/Windows/Scalability.ini]
[2019.06.13-09.48.42:718][  0]LogConfig: Setting CVar [[foliage.DensityScale:1.0]]
[2019.06.13-09.48.42:718][  0]LogConfig: Setting CVar [[grass.DensityScale:1.0]]
[2019.06.13-09.48.42:718][  0]LogConfig: Applying CVar settings from Section [Startup] File [../../../Engine/Config/ConsoleVariables.ini]
[2019.06.13-09.48.42:718][  0]LogConfig: Setting CVar [[net.UseAdaptiveNetUpdateFrequency:0]]
[2019.06.13-09.48.42:718][  0]LogConfig: Setting CVar [[p.chaos.AllowCreatePhysxBodies:1]]
[2019.06.13-09.48.42:718][  0]LogConfig: Applying CVar settings from Section [ConsoleVariables] File [C:/Users/s192033/Documents/Unreal Projects/AIE_Project/Saved/Config/Windows/Engine.ini]
[2019.06.13-09.48.42:718][  0]LogInit: Computer: CAN-D117AD
[2019.06.13-09.48.42:718][  0]LogInit: User: s192033
[2019.06.13-09.48.42:718][  0]LogInit: CPU Page size=4096, Cores=4
[2019.06.13-09.48.42:718][  0]LogInit: High frequency timer resolution =3.323575 MHz
[2019.06.13-09.48.42:718][  0]LogMemory: Memory total: Physical=32.0GB (32GB approx)
[2019.06.13-09.48.42:718][  0]LogMemory: Platform Memory Stats for Windows
[2019.06.13-09.48.42:718][  0]LogMemory: Process Physical Memory: 96.12 MB used, 96.12 MB peak
[2019.06.13-09.48.42:718][  0]LogMemory: Process Virtual Memory: 90.47 MB used, 90.47 MB peak
[2019.06.13-09.48.42:718][  0]LogMemory: Physical Memory: 6724.61 MB used,  26004.58 MB free, 32729.19 MB total
[2019.06.13-09.48.42:719][  0]LogMemory: Virtual Memory: 4657.08 MB used,  134213072.00 MB free, 134217728.00 MB total
[2019.06.13-09.48.42:742][  0]LogInit: Using OS detected language (en-US).
[2019.06.13-09.48.42:742][  0]LogInit: Using OS detected locale (en-US).
[2019.06.13-09.48.42:743][  0]LogTextLocalizationManager: No specific localization for 'en-US' exists, so the 'en' localization will be used.
[2019.06.13-09.48.42:926][  0]LogInit: Setting process to per monitor DPI aware
[2019.06.13-09.48.42:961][  0]LogSlate: New Slate User Created.  User Index 0, Is Virtual User: 0
[2019.06.13-09.48.42:961][  0]LogSlate: Slate User Registered.  User Index 0, Is Virtual User: 0
[2019.06.13-09.48.43:233][  0]LogHMD: Failed to initialize OpenVR with code 110
[2019.06.13-09.48.43:233][  0]LogD3D11RHI: D3D11 adapters:
[2019.06.13-09.48.43:313][  0]LogD3D11RHI:    0. 'NVIDIA GeForce GTX 660 Ti' (Feature Level 11_0)
[2019.06.13-09.48.43:313][  0]LogD3D11RHI:       1998/0/16364 MB DedicatedVideo/DedicatedSystem/SharedSystem, Outputs:2, VendorId:0x10de
[2019.06.13-09.48.43:315][  0]LogD3D11RHI:    1. 'Microsoft Basic Render Driver' (Feature Level 11_0)
[2019.06.13-09.48.43:315][  0]LogD3D11RHI:       0/0/16364 MB DedicatedVideo/DedicatedSystem/SharedSystem, Outputs:0, VendorId:0x1414
[2019.06.13-09.48.43:315][  0]LogD3D11RHI: Chosen D3D11 Adapter: 0
[2019.06.13-09.48.43:324][  0]LogD3D11RHI: Creating new Direct3DDevice
[2019.06.13-09.48.43:324][  0]LogD3D11RHI:     GPU DeviceId: 0x1183 (for the marketing name, search the web for "GPU Device Id")
[2019.06.13-09.48.43:324][  0]LogWindows: EnumDisplayDevices:
[2019.06.13-09.48.43:324][  0]LogWindows:    0. 'NVIDIA GeForce GTX 660 Ti' (P:1 D:1)
[2019.06.13-09.48.43:325][  0]LogWindows:    1. 'NVIDIA GeForce GTX 660 Ti' (P:0 D:1)
[2019.06.13-09.48.43:325][  0]LogWindows:    2. 'NVIDIA GeForce GTX 660 Ti' (P:0 D:0)
[2019.06.13-09.48.43:325][  0]LogWindows:    3. 'NVIDIA GeForce GTX 660 Ti' (P:0 D:0)
[2019.06.13-09.48.43:326][  0]LogWindows: DebugString: FoundDriverCount:4 
[2019.06.13-09.48.43:326][  0]LogD3D11RHI:     Adapter Name: NVIDIA GeForce GTX 660 Ti
[2019.06.13-09.48.43:326][  0]LogD3D11RHI:   Driver Version: 417.35 (internal:25.21.14.1735, unified:417.35)
[2019.06.13-09.48.43:326][  0]LogD3D11RHI:      Driver Date: 12-11-2018
[2019.06.13-09.48.43:326][  0]LogRHI: Texture pool is 1398 MB (70% of 1998 MB)
[2019.06.13-09.48.43:389][  0]LogD3D11RHI: Async texture creation enabled
[2019.06.13-09.48.43:393][  0]LogRendererCore: FGlobalReadBuffer::InitRHI
[2019.06.13-09.48.43:394][  0]LogRendererCore: FGlobalReadBuffer::InitRHI
[2019.06.13-09.48.43:394][  0]LogRendererCore: FGlobalReadBuffer::InitRHI
[2019.06.13-09.48.43:407][  0]LogD3D11RHI: GPU Timing Frequency: 1000.000000 (Debug: 2 2)
[2019.06.13-09.48.43:758][  0]LogTemp: Display: Module 'AllDesktopTargetPlatform' loaded TargetPlatform 'AllDesktop'
[2019.06.13-09.48.43:773][  0]LogTemp: Display: Module 'MacClientTargetPlatform' loaded TargetPlatform 'MacClient'
[2019.06.13-09.48.43:789][  0]LogTemp: Display: Module 'MacNoEditorTargetPlatform' loaded TargetPlatform 'MacNoEditor'
[2019.06.13-09.48.43:806][  0]LogTemp: Display: Module 'MacServerTargetPlatform' loaded TargetPlatform 'MacServer'
[2019.06.13-09.48.43:822][  0]LogTemp: Display: Module 'MacTargetPlatform' loaded TargetPlatform 'Mac'
[2019.06.13-09.48.43:839][  0]LogTemp: Display: Module 'WindowsClientTargetPlatform' loaded TargetPlatform 'WindowsClient'
[2019.06.13-09.48.43:855][  0]LogTemp: Display: Module 'WindowsNoEditorTargetPlatform' loaded TargetPlatform 'WindowsNoEditor'
[2019.06.13-09.48.43:870][  0]LogTemp: Display: Module 'WindowsServerTargetPlatform' loaded TargetPlatform 'WindowsServer'
[2019.06.13-09.48.43:878][  0]LogTemp: Display: Module 'WindowsTargetPlatform' loaded TargetPlatform 'Windows'
[2019.06.13-09.48.43:971][  0]LogTemp: Display: Module 'AndroidTargetPlatform' loaded TargetPlatform 'Android'
[2019.06.13-09.48.43:971][  0]LogTemp: Display: Module 'AndroidTargetPlatform' loaded TargetPlatform 'Android_ASTC'
[2019.06.13-09.48.43:971][  0]LogTemp: Display: Module 'AndroidTargetPlatform' loaded TargetPlatform 'Android_ATC'
[2019.06.13-09.48.43:971][  0]LogTemp: Display: Module 'AndroidTargetPlatform' loaded TargetPlatform 'Android_DXT'
[2019.06.13-09.48.43:971][  0]LogTemp: Display: Module 'AndroidTargetPlatform' loaded TargetPlatform 'Android_ETC1'
[2019.06.13-09.48.43:971][  0]LogTemp: Display: Module 'AndroidTargetPlatform' loaded TargetPlatform 'Android_ETC1a'
[2019.06.13-09.48.43:971][  0]LogTemp: Display: Module 'AndroidTargetPlatform' loaded TargetPlatform 'Android_ETC2'
[2019.06.13-09.48.43:971][  0]LogTemp: Display: Module 'AndroidTargetPlatform' loaded TargetPlatform 'Android_PVRTC'
[2019.06.13-09.48.43:971][  0]LogTemp: Display: Module 'AndroidTargetPlatform' loaded TargetPlatform 'AndroidClient'
[2019.06.13-09.48.43:971][  0]LogTemp: Display: Module 'AndroidTargetPlatform' loaded TargetPlatform 'Android_ASTCClient'
[2019.06.13-09.48.43:971][  0]LogTemp: Display: Module 'AndroidTargetPlatform' loaded TargetPlatform 'Android_ATCClient'
[2019.06.13-09.48.43:971][  0]LogTemp: Display: Module 'AndroidTargetPlatform' loaded TargetPlatform 'Android_DXTClient'
[2019.06.13-09.48.43:971][  0]LogTemp: Display: Module 'AndroidTargetPlatform' loaded TargetPlatform 'Android_ETC1Client'
[2019.06.13-09.48.43:971][  0]LogTemp: Display: Module 'AndroidTargetPlatform' loaded TargetPlatform 'Android_ETC1aClient'
[2019.06.13-09.48.43:971][  0]LogTemp: Display: Module 'AndroidTargetPlatform' loaded TargetPlatform 'Android_ETC2Client'
[2019.06.13-09.48.43:971][  0]LogTemp: Display: Module 'AndroidTargetPlatform' loaded TargetPlatform 'Android_PVRTCClient'
[2019.06.13-09.48.43:971][  0]LogTemp: Display: Module 'AndroidTargetPlatform' loaded TargetPlatform 'Android_Multi'
[2019.06.13-09.48.43:971][  0]LogTemp: Display: Module 'AndroidTargetPlatform' loaded TargetPlatform 'Android_MultiClient'
[2019.06.13-09.48.43:973][  0]LogTemp: Display: Module 'HTML5TargetPlatform' loaded TargetPlatform 'HTML5'
[2019.06.13-09.48.44:026][  0]LogTemp: Display: Module 'IOSTargetPlatform' loaded TargetPlatform 'IOSClient'
[2019.06.13-09.48.44:026][  0]LogTemp: Display: Module 'IOSTargetPlatform' loaded TargetPlatform 'IOS'
[2019.06.13-09.48.44:056][  0]LogTemp: Display: Module 'TVOSTargetPlatform' loaded TargetPlatform 'TVOSClient'
[2019.06.13-09.48.44:056][  0]LogTemp: Display: Module 'TVOSTargetPlatform' loaded TargetPlatform 'TVOS'
[2019.06.13-09.48.44:070][  0]LogTemp: Display: Module 'LinuxClientTargetPlatform' loaded TargetPlatform 'LinuxClient'
[2019.06.13-09.48.44:084][  0]LogTemp: Display: Module 'LinuxNoEditorTargetPlatform' loaded TargetPlatform 'LinuxNoEditor'
[2019.06.13-09.48.44:102][  0]LogTemp: Display: Module 'LinuxServerTargetPlatform' loaded TargetPlatform 'LinuxServer'
[2019.06.13-09.48.44:118][  0]LogTemp: Display: Module 'LinuxTargetPlatform' loaded TargetPlatform 'Linux'
[2019.06.13-09.48.44:170][  0]LogTemp: Display: Module 'LuminTargetPlatform' loaded TargetPlatform 'Lumin'
[2019.06.13-09.48.44:170][  0]LogTemp: Display: Module 'LuminTargetPlatform' loaded TargetPlatform 'LuminClient'
[2019.06.13-09.48.44:170][  0]LogTargetPlatformManager: Display: Building Assets For Windows
[2019.06.13-09.48.44:179][  0]LogAudioDebug: Display: Lib vorbis DLL was dynamically loaded.
[2019.06.13-09.48.44:232][  0]LogShaderCompilers: Guid format shader working directory is -22 characters bigger than the processId version (../../../../../../Users/s192033/Documents/Unreal Projects/AIE_Project/Intermediate/Shaders/WorkingDirectory/15256/).
[2019.06.13-09.48.44:232][  0]LogShaderCompilers: Cleaned the shader compiler working directory 'C:/Users/s192033/AppData/Local/Temp/UnrealShaderWorkingDir/7A0727F44B707C5C9AAE3A9CA7033ED6/'.
[2019.06.13-09.48.44:235][  0]LogXGEController: Cannot use XGE Controller as Incredibuild is not installed on this machine.
[2019.06.13-09.48.44:236][  0]LogShaderCompilers: Cannot use XGE Shader Compiler as Incredibuild is not installed on this machine.
[2019.06.13-09.48.44:236][  0]LogShaderCompilers: Display: Using Local Shader Compiler.
[2019.06.13-09.48.44:866][  0]LogDerivedDataCache: Display: Max Cache Size: 512 MB
[2019.06.13-09.48.44:917][  0]LogDerivedDataCache: Loaded boot cache 0.05s 71MB C:/Users/s192033/AppData/Local/UnrealEngine/4.22/DerivedDataCache/Boot.ddc.
[2019.06.13-09.48.44:917][  0]LogDerivedDataCache: Display: Loaded Boot cache: C:/Users/s192033/AppData/Local/UnrealEngine/4.22/DerivedDataCache/Boot.ddc
[2019.06.13-09.48.44:917][  0]LogDerivedDataCache: FDerivedDataBackendGraph:  Pak pak cache file ../../../../../../Users/s192033/Documents/Unreal Projects/AIE_Project/DerivedDataCache/DDC.ddp not found, will not use a pak cache.
[2019.06.13-09.48.44:917][  0]LogDerivedDataCache: Unable to find inner node Pak for hierarchical cache Hierarchy.
[2019.06.13-09.48.44:917][  0]LogDerivedDataCache: FDerivedDataBackendGraph:  CompressedPak pak cache file ../../../../../../Users/s192033/Documents/Unreal Projects/AIE_Project/DerivedDataCache/Compressed.ddp not found, will not use a pak cache.
[2019.06.13-09.48.44:917][  0]LogDerivedDataCache: Unable to find inner node CompressedPak for hierarchical cache Hierarchy.
[2019.06.13-09.48.44:929][  0]LogDerivedDataCache: Display: Pak cache opened for reading ../../../Engine/DerivedDataCache/Compressed.ddp.
[2019.06.13-09.48.44:929][  0]LogDerivedDataCache: FDerivedDataBackendGraph:  EnterprisePak pak cache file ../../../Enterprise/DerivedDataCache/Compressed.ddp not found, will not use a pak cache.
[2019.06.13-09.48.44:929][  0]LogDerivedDataCache: Unable to find inner node EnterprisePak for hierarchical cache Hierarchy.
[2019.06.13-09.48.44:941][  0]LogDerivedDataCache: Using Local data cache path C:/Users/s192033/AppData/Local/UnrealEngine/Common/DerivedDataCache: Writable
[2019.06.13-09.48.44:941][  0]LogDerivedDataCache: Shared data cache path not found in *engine.ini, will not use an Shared cache.
[2019.06.13-09.48.44:941][  0]LogDerivedDataCache: Unable to find inner node Shared for hierarchical cache Hierarchy.
[2019.06.13-09.48.44:966][  0]LogMaterial: Verifying Global Shaders for PCD3D_SM5
[2019.06.13-09.48.44:967][  0]LogSlate: Using FreeType 2.6.0
[2019.06.13-09.48.44:968][  0]LogSlate: SlateFontServices - WITH_FREETYPE: 1, WITH_HARFBUZZ: 1
[2019.06.13-09.48.45:072][  0]LogAssetRegistry: FAssetRegistry took 0.0345 seconds to start up
[2019.06.13-09.48.45:472][  0]LogInit: Selected Device Profile: [Windows]
[2019.06.13-09.48.45:535][  0]LogMeshReduction: Using QuadricMeshReduction for automatic static mesh reduction
[2019.06.13-09.48.45:535][  0]LogMeshReduction: Using SimplygonMeshReduction for automatic skeletal mesh reduction
[2019.06.13-09.48.45:535][  0]LogMeshReduction: Using ProxyLODMeshReduction for automatic mesh merging
[2019.06.13-09.48.45:535][  0]LogMeshReduction: No distributed automatic mesh merging module available
[2019.06.13-09.48.45:535][  0]LogMeshMerging: No distributed automatic mesh merging module available
[2019.06.13-09.48.45:628][  0]LogNetVersion: AIE_Project 1.0.0, NetCL: 5660361, EngineNetVer: 10, GameNetVer: 0 (Checksum: 2473417340)
[2019.06.13-09.48.46:046][  0]LogPackageLocalizationCache: Processed 10 localized package path(s) for 1 prioritized culture(s) in 0.035986 seconds
[2019.06.13-09.48.46:054][  0]LogUObjectArray: 42205 objects as part of root set at end of initial load.
[2019.06.13-09.48.46:054][  0]LogUObjectAllocator: 7325032 out of 0 bytes used by permanent object pool.
[2019.06.13-09.48.46:054][  0]LogUObjectArray: CloseDisregardForGC: 0/0 objects in disregard for GC pool
[2019.06.13-09.48.47:083][  0]LogTcpMessaging: Initializing TcpMessaging bridge
[2019.06.13-09.48.47:096][  0]LogUdpMessaging: Initializing bridge on interface 0.0.0.0:0 to multicast group 230.0.0.1:6666.
[2019.06.13-09.48.47:204][  0]SourceControl: Source control is disabled
[2019.06.13-09.48.47:204][  0]SourceControl: Source control is disabled
[2019.06.13-09.48.47:206][  0]SourceControl: Source control is disabled
[2019.06.13-09.48.47:207][  0]SourceControl: Source control is disabled
[2019.06.13-09.48.47:295][  0]LogAndroidPermission: UAndroidPermissionCallbackProxy::GetInstance
[2019.06.13-09.48.47:358][  0]LogOcInput: OculusInput pre-init called
[2019.06.13-09.48.48:284][  0]LogEngine: Initializing Engine...
[2019.06.13-09.48.48:285][  0]LogHMD: Failed to initialize OpenVR with code 110
[2019.06.13-09.48.48:286][  0]LogStats: UGameplayTagsManager::InitializeManager -  0.000 s
[2019.06.13-09.48.48:504][  0]LogInit: Initializing FReadOnlyCVARCache
[2019.06.13-09.48.48:519][  0]LogAIModule: Creating AISystem for world Untitled
[2019.06.13-09.48.48:530][  0]LogInit: XAudio2 using 'Digital Audio (S/PDIF) (High Definition Audio Device)' : 2 channels at 48 kHz using 16 bits per sample (channel mask 0x3)
[2019.06.13-09.48.48:562][  0]LogInit: FAudioDevice initialized.
[2019.06.13-09.48.48:563][  0]LogNetVersion: Set ProjectVersion to 1.0.0.0. Version Checksum will be recalculated on next use.
[2019.06.13-09.48.48:650][  0]LogDerivedDataCache: Saved boot cache 0.09s 71MB C:/Users/s192033/AppData/Local/UnrealEngine/4.22/DerivedDataCache/Boot.ddc.
[2019.06.13-09.48.48:658][  0]LogInit: Texture streaming: Enabled
[2019.06.13-09.48.48:677][  0]LogEngineSessionManager: EngineSessionManager initialized
[2019.06.13-09.48.48:696][  0]LogInit: Transaction tracking system initialized
[2019.06.13-09.48.48:718][  0]BlueprintLog: New page: Editor Load
[2019.06.13-09.48.48:802][  0]LocalizationService: Localization service is disabled
[2019.06.13-09.48.49:120][  0]LogFileCache: Scanning file cache for directory 'C:/Users/s192033/Documents/Unreal Projects/AIE_Project/Content/' took 0.01s
[2019.06.13-09.48.49:120][  0]LogCook: Display: Max memory allowance for cook 16384mb min free memory 0mb
[2019.06.13-09.48.49:120][  0]LogCook: Display: Mobile HDR setting 1
[2019.06.13-09.48.49:320][  0]SourceControl: Source control is disabled
[2019.06.13-09.48.49:320][  0]Cmd: MAP LOAD FILE="../../../../../../Users/s192033/Documents/Unreal Projects/AIE_Project/Content/__MyContent/AIE_Project.umap" TEMPLATE=0 SHOWPROGRESS=1 FEATURELEVEL=3
[2019.06.13-09.48.49:320][  0]LightingResults: New page: Lighting Build
[2019.06.13-09.48.49:323][  0]MapCheck: New page: Map Check
[2019.06.13-09.48.49:323][  0]LightingResults: New page: Lighting Build
[2019.06.13-09.48.49:348][  0]LogUObjectHash: Compacting FUObjectHashTables data took   1.89ms
[2019.06.13-09.48.49:446][  0]LogAIModule: Creating AISystem for world AIE_Project
[2019.06.13-09.48.49:450][  0]LogEditorServer: Finished looking for orphan Actors (0.000 secs)
[2019.06.13-09.48.49:476][  0]LogUObjectHash: Compacting FUObjectHashTables data took   2.16ms
[2019.06.13-09.48.49:476][  0]Cmd: MAP CHECKDEP NOCLEARLOG
[2019.06.13-09.48.49:476][  0]MapCheck: Map check complete: 0 Error(s), 0 Warning(s), took 0.233ms to complete.
[2019.06.13-09.48.49:476][  0]LogFileHelpers: Loading map 'AIE_Project' took 0.156
[2019.06.13-09.48.49:573][  0]LogSlate: Updating window title bar state: overlay mode, drag disabled, window buttons hidden, title bar hidden
[2019.06.13-09.48.49:582][  0]LogSlate: Updating window title bar state: overlay mode, drag disabled, window buttons hidden, title bar hidden
[2019.06.13-09.48.49:590][  0]LogSlate: Updating window title bar state: overlay mode, drag disabled, window buttons hidden, title bar hidden
[2019.06.13-09.48.49:598][  0]LogSlate: Updating window title bar state: overlay mode, drag disabled, window buttons hidden, title bar hidden
[2019.06.13-09.48.49:605][  0]LogCollectionManager: Loaded 0 collections in 0.001349 seconds
[2019.06.13-09.48.49:632][  0]LogFileCache: Scanning file cache for directory 'C:/Users/s192033/Documents/Unreal Projects/AIE_Project/Saved/Collections/' took 0.01s
[2019.06.13-09.48.49:632][  0]LogFileCache: Scanning file cache for directory 'C:/Users/s192033/Documents/Unreal Projects/AIE_Project/Content/Developers/s192033/Collections/' took 0.00s
[2019.06.13-09.48.49:632][  0]LogFileCache: Scanning file cache for directory 'C:/Users/s192033/Documents/Unreal Projects/AIE_Project/Content/Collections/' took 0.01s
[2019.06.13-09.48.49:632][  0]LogCollectionManager: Rebuilt the GUID cache for 0 collections in 0.000000 seconds
[2019.06.13-09.48.49:642][  0]LogContentBrowser: Native class hierarchy populated in 0.0095 seconds. Added 2732 classes and 659 folders.
[2019.06.13-09.48.49:649][  0]LogContentBrowser: Native class hierarchy updated for 'WidgetCarousel' in 0.0002 seconds. Added 0 classes and 0 folders.
[2019.06.13-09.48.49:652][  0]LogPakFile: Registered encryption key '00000000000000000000000000000000': 0 pak files mounted, 0 remain pending
[2019.06.13-09.48.49:652][  0]LogPakFile: Registered encryption key '00000000000000000000000000000000': 0 pak files mounted, 0 remain pending
[2019.06.13-09.48.49:653][  0]LogPakFile: Registered encryption key '00000000000000000000000000000000': 0 pak files mounted, 0 remain pending
[2019.06.13-09.48.49:654][  0]LogPakFile: Registered encryption key '00000000000000000000000000000000': 0 pak files mounted, 0 remain pending
[2019.06.13-09.48.49:654][  0]LogPakFile: Registered encryption key '00000000000000000000000000000000': 0 pak files mounted, 0 remain pending
[2019.06.13-09.48.49:655][  0]LogPakFile: Registered encryption key '00000000000000000000000000000000': 0 pak files mounted, 0 remain pending
[2019.06.13-09.48.49:655][  0]LogPakFile: Registered encryption key '00000000000000000000000000000000': 0 pak files mounted, 0 remain pending
[2019.06.13-09.48.49:656][  0]LogPakFile: Registered encryption key '00000000000000000000000000000000': 0 pak files mounted, 0 remain pending
[2019.06.13-09.48.49:657][  0]LogPakFile: Registered encryption key '00000000000000000000000000000000': 0 pak files mounted, 0 remain pending
[2019.06.13-09.48.49:657][  0]LogPakFile: Registered encryption key '00000000000000000000000000000000': 0 pak files mounted, 0 remain pending
[2019.06.13-09.48.49:658][  0]LogPakFile: Registered encryption key '00000000000000000000000000000000': 0 pak files mounted, 0 remain pending
[2019.06.13-09.48.49:659][  0]LogPakFile: Registered encryption key '00000000000000000000000000000000': 0 pak files mounted, 0 remain pending
[2019.06.13-09.48.49:659][  0]LogPakFile: Registered encryption key '00000000000000000000000000000000': 0 pak files mounted, 0 remain pending
[2019.06.13-09.48.49:660][  0]LogPakFile: Registered encryption key '00000000000000000000000000000000': 0 pak files mounted, 0 remain pending
[2019.06.13-09.48.49:661][  0]LogPakFile: Registered encryption key '00000000000000000000000000000000': 0 pak files mounted, 0 remain pending
[2019.06.13-09.48.49:661][  0]LogPakFile: Registered encryption key '00000000000000000000000000000000': 0 pak files mounted, 0 remain pending
[2019.06.13-09.48.49:662][  0]LogPakFile: Registered encryption key '00000000000000000000000000000000': 0 pak files mounted, 0 remain pending
[2019.06.13-09.48.49:662][  0]LogPakFile: Registered encryption key '00000000000000000000000000000000': 0 pak files mounted, 0 remain pending
[2019.06.13-09.48.49:663][  0]LogPakFile: Registered encryption key '00000000000000000000000000000000': 0 pak files mounted, 0 remain pending
[2019.06.13-09.48.49:664][  0]LogPakFile: Registered encryption key '00000000000000000000000000000000': 0 pak files mounted, 0 remain pending
[2019.06.13-09.48.49:664][  0]LogPakFile: Registered encryption key '00000000000000000000000000000000': 0 pak files mounted, 0 remain pending
[2019.06.13-09.48.49:665][  0]LogPakFile: Registered encryption key '00000000000000000000000000000000': 0 pak files mounted, 0 remain pending
[2019.06.13-09.48.49:666][  0]LogPakFile: Registered encryption key '00000000000000000000000000000000': 0 pak files mounted, 0 remain pending
[2019.06.13-09.48.49:666][  0]LogPakFile: Registered encryption key '00000000000000000000000000000000': 0 pak files mounted, 0 remain pending
[2019.06.13-09.48.49:667][  0]LogPakFile: Registered encryption key '00000000000000000000000000000000': 0 pak files mounted, 0 remain pending
[2019.06.13-09.48.49:667][  0]LogPakFile: Registered encryption key '00000000000000000000000000000000': 0 pak files mounted, 0 remain pending
[2019.06.13-09.48.49:705][  0]LogContentBrowser: Native class hierarchy updated for 'AddContentDialog' in 0.0003 seconds. Added 0 classes and 0 folders.
[2019.06.13-09.48.49:711][  0]LogContentBrowser: Native class hierarchy updated for 'SceneOutliner' in 0.0003 seconds. Added 1 classes and 2 folders.
[2019.06.13-09.48.49:773][  0]LogSlate: Took 0.000296 seconds to synchronously load lazily loaded font '../../../Engine/Content/Slate/Fonts/Roboto-Regular.ttf' (155K)
[2019.06.13-09.48.49:776][  0]LogSlate: Took 0.000303 seconds to synchronously load lazily loaded font '../../../Engine/Content/Slate/Fonts/Roboto-Bold.ttf' (160K)
[2019.06.13-09.48.49:786][  0]LogSlate: Took 0.000353 seconds to synchronously load lazily loaded font '../../../Engine/Content/Editor/Slate/Fonts/FontAwesome.ttf' (139K)
[2019.06.13-09.48.49:853][  0]LogRenderer: Reallocating scene render targets to support 1028x556 Format 10 NumSamples 1 (Frame:1).
[2019.06.13-09.48.50:098][  0]LogContentBrowser: Native class hierarchy updated for 'HierarchicalLODOutliner' in 0.0003 seconds. Added 0 classes and 0 folders.
[2019.06.13-09.48.50:098][  0]LogLoad: (Engine Initialization) Total time: 9.27 seconds
[2019.06.13-09.48.50:098][  0]LogLoad: (Engine Initialization) Total Blueprint compile time: 0.00 seconds
[2019.06.13-09.48.50:108][  0]LogWindowsTextInputMethodSystem: Display: IME system now deactivated.
[2019.06.13-09.48.50:131][  0]LogAssetRegistry: Asset discovery search completed in 5.0801 seconds
[2019.06.13-09.48.50:133][  0]LogCollectionManager: Rebuilt the object cache for 0 collections in 0.000001 seconds (found 0 objects)
[2019.06.13-09.48.50:133][  0]LogCollectionManager: Fixed up redirectors for 0 collections in 0.000035 seconds (updated 0 objects)
[2019.06.13-09.48.50:134][  0]LogContentStreaming: Texture pool size now 1000 MB
[2019.06.13-09.48.50:165][  0]LogSlate: Took 0.000258 seconds to synchronously load lazily loaded font '../../../Engine/Content/Slate/Fonts/Roboto-Light.ttf' (167K)
[2019.06.13-09.49.12:322][645]LogEditorViewport: Clicking on Actor (LMB): BP_Sky_Sphere_C (Sky Sphere)
[2019.06.13-09.49.20:850][655]LogEditorViewport: Clicking on Actor (LMB): BP_Sky_Sphere_C (Sky Sphere)
[2019.06.13-09.49.21:796][765]LogEditorViewport: Clicking on Actor (LMB): BP_Sky_Sphere_C (Sky Sphere)
[2019.06.13-09.49.22:933][898]LogEditorViewport: Clicking on Actor (LMB): BP_Sky_Sphere_C (Sky Sphere)
[2019.06.13-09.49.36:167][464]LogEditorViewport: Clicking on Actor (LMB): BP_Sky_Sphere_C (Sky Sphere)
[2019.06.13-09.49.36:981][556]LogUObjectHash: Compacting FUObjectHashTables data took   0.61ms
[2019.06.13-09.50.05:715][  1]LogSlate: FSceneViewport::OnFocusLost() reason 0
[2019.06.13-09.50.05:819][ 11]LogUObjectHash: Compacting FUObjectHashTables data took   0.61ms
[2019.06.13-09.50.05:861][ 11]LogSlate: Window 'AIE_Project - Unreal Editor' being destroyed
[2019.06.13-09.50.05:862][ 11]LogWindowsTextInputMethodSystem: Display: IME system now deactivated.
[2019.06.13-09.50.05:864][ 11]LogWindowsTextInputMethodSystem: Display: IME system now deactivated.
[2019.06.13-09.50.06:016][ 12]Cmd: QUIT_EDITOR
[2019.06.13-09.50.06:045][ 12]LogExit: Preparing to exit.
[2019.06.13-09.50.07:163][ 12]LogExit: Editor shut down
[2019.06.13-09.50.07:163][ 12]LogExit: Transaction tracking system shut down
[2019.06.13-09.50.07:297][ 12]LogExit: Object subsystem successfully closed.
[2019.06.13-09.50.07:311][ 12]LogShaderCompilers: Display: Shaders left to compile 0
[2019.06.13-09.50.07:315][ 12]LogD3D11RHI: Shutdown
[2019.06.13-09.50.07:315][ 12]LogD3D11RHI: CleanupD3DDevice
[2019.06.13-09.50.07:315][ 12]LogRendererCore: FGlobalReadBuffer::ReleaseRHI
[2019.06.13-09.50.07:315][ 12]LogRendererCore: FGlobalDynamicReadBuffer::Cleanup()
[2019.06.13-09.50.07:315][ 12]LogRendererCore: FGlobalReadBuffer::ReleaseRHI
[2019.06.13-09.50.07:315][ 12]LogRendererCore: FGlobalDynamicReadBuffer::Cleanup()
[2019.06.13-09.50.07:315][ 12]LogRendererCore: FGlobalReadBuffer::ReleaseRHI
[2019.06.13-09.50.07:315][ 12]LogRendererCore: FGlobalDynamicReadBuffer::Cleanup()
[2019.06.13-09.50.07:375][ 12]LogD3D11RHI: ~FD3D11DynamicRHI
[2019.06.13-09.50.07:408][ 12]LogModuleManager: Shutting down and abandoning module HierarchicalLODOutliner (642)
[2019.06.13-09.50.07:408][ 12]LogModuleManager: Shutting down and abandoning module SceneOutliner (640)
[2019.06.13-09.50.07:408][ 12]LogModuleManager: Shutting down and abandoning module AddContentDialog (638)
[2019.06.13-09.50.07:408][ 12]LogModuleManager: Shutting down and abandoning module WidgetCarousel (637)
[2019.06.13-09.50.07:408][ 12]LogModuleManager: Shutting down and abandoning module EditorWidgets (634)
[2019.06.13-09.50.07:408][ 12]LogModuleManager: Shutting down and abandoning module CollectionManager (632)
[2019.06.13-09.50.07:409][ 12]LogModuleManager: Shutting down and abandoning module StatsViewer (630)
[2019.06.13-09.50.07:409][ 12]LogModuleManager: Shutting down and abandoning module FoliageEdit (628)
[2019.06.13-09.50.07:409][ 12]LogModuleManager: Shutting down and abandoning module LandscapeEditor (626)
[2019.06.13-09.50.07:409][ 12]LogModuleManager: Shutting down and abandoning module MeshPaintMode (624)
[2019.06.13-09.50.07:409][ 12]LogModuleManager: Shutting down and abandoning module SceneDepthPickerMode (622)
[2019.06.13-09.50.07:409][ 12]LogModuleManager: Shutting down and abandoning module ActorPickerMode (620)
[2019.06.13-09.50.07:409][ 12]LogModuleManager: Shutting down and abandoning module GeometryMode (618)
[2019.06.13-09.50.07:409][ 12]LogModuleManager: Shutting down and abandoning module TextureAlignMode (616)
[2019.06.13-09.50.07:409][ 12]LogModuleManager: Shutting down and abandoning module BspMode (614)
[2019.06.13-09.50.07:409][ 12]LogModuleManager: Shutting down and abandoning module PIEPreviewDeviceProfileSelector (612)
[2019.06.13-09.50.07:409][ 12]LogModuleManager: Shutting down and abandoning module SequenceRecorderSections (610)
[2019.06.13-09.50.07:409][ 12]LogModuleManager: Shutting down and abandoning module AutomationWorker (608)
[2019.06.13-09.50.07:409][ 12]LogModuleManager: Shutting down and abandoning module OculusMR (606)
[2019.06.13-09.50.07:409][ 12]LogModuleManager: Shutting down and abandoning module AudioCaptureEditor (604)
[2019.06.13-09.50.07:409][ 12]LogModuleManager: Shutting down and abandoning module MatineeToLevelSequence (602)
[2019.06.13-09.50.07:409][ 12]LogModuleManager: Shutting down and abandoning module LevelSequenceEditor (600)
[2019.06.13-09.50.07:409][ 12]LogModuleManager: Shutting down and abandoning module PlacementMode (599)
[2019.06.13-09.50.07:409][ 12]LogModuleManager: Shutting down and abandoning module MaterialEditor (598)
[2019.06.13-09.50.07:409][ 12]LogModuleManager: Shutting down and abandoning module ActorSequenceEditor (594)
[2019.06.13-09.50.07:409][ 12]LogModuleManager: Shutting down and abandoning module WmfMediaFactory (592)
[2019.06.13-09.50.07:409][ 12]LogModuleManager: Shutting down and abandoning module WmfMediaEditor (590)
[2019.06.13-09.50.07:409][ 12]LogModuleManager: Shutting down and abandoning module WebMMediaFactory (588)
[2019.06.13-09.50.07:409][ 12]LogModuleManager: Shutting down and abandoning module WebMMediaEditor (586)
[2019.06.13-09.50.07:409][ 12]LogModuleManager: Shutting down and abandoning module WebMMedia (584)
[2019.06.13-09.50.07:409][ 12]LogModuleManager: Shutting down and abandoning module MediaPlayerEditor (582)
[2019.06.13-09.50.07:409][ 12]LogModuleManager: Shutting down and abandoning module MediaCompositingEditor (580)
[2019.06.13-09.50.07:409][ 12]LogModuleManager: Shutting down and abandoning module SequenceRecorder (579)
[2019.06.13-09.50.07:409][ 12]LogModuleManager: Shutting down and abandoning module OpenExrWrapper (576)
[2019.06.13-09.50.07:409][ 12]LogModuleManager: Shutting down and abandoning module ImgMediaFactory (574)
[2019.06.13-09.50.07:409][ 12]LogModuleManager: Shutting down and abandoning module ImgMediaEditor (572)
[2019.06.13-09.50.07:409][ 12]LogModuleManager: Shutting down and abandoning module AvfMediaFactory (570)
[2019.06.13-09.50.07:409][ 12]LogModuleManager: Shutting down and abandoning module AvfMediaEditor (568)
[2019.06.13-09.50.07:409][ 12]LogModuleManager: Shutting down and abandoning module AndroidMediaFactory (566)
[2019.06.13-09.50.07:409][ 12]LogModuleManager: Shutting down and abandoning module AndroidMediaEditor (564)
[2019.06.13-09.50.07:409][ 12]LogModuleManager: Shutting down and abandoning module MagicLeapCameraPreviewFactory (562)
[2019.06.13-09.50.07:410][ 12]LogModuleManager: Shutting down and abandoning module MagicLeapMediaCodecFactory (560)
[2019.06.13-09.50.07:410][ 12]LogModuleManager: Shutting down and abandoning module MagicLeapMediaFactory (558)
[2019.06.13-09.50.07:410][ 12]LogModuleManager: Shutting down and abandoning module MagicLeapMediaEditor (556)
[2019.06.13-09.50.07:410][ 12]LogModuleManager: Shutting down and abandoning module CharacterAI (554)
[2019.06.13-09.50.07:410][ 12]LogModuleManager: Shutting down and abandoning module SmartSnapping (552)
[2019.06.13-09.50.07:410][ 12]LogModuleManager: Shutting down and abandoning module SessionServices (550)
[2019.06.13-09.50.07:410][ 12]LogModuleManager: Shutting down and abandoning module MeshPaint (548)
[2019.06.13-09.50.07:410][ 12]LogModuleManager: Shutting down and abandoning module ViewportSnapping (546)
[2019.06.13-09.50.07:410][ 12]LogModuleManager: Shutting down and abandoning module ViewportInteraction (544)
[2019.06.13-09.50.07:410][ 12]LogModuleManager: Shutting down and abandoning module ClothPainter (542)
[2019.06.13-09.50.07:410][ 12]LogModuleManager: Shutting down and abandoning module SkeletalMeshEditor (541)
[2019.06.13-09.50.07:410][ 12]LogModuleManager: Shutting down and abandoning module LogVisualizer (538)
[2019.06.13-09.50.07:410][ 12]LogModuleManager: Shutting down and abandoning module IntroTutorials (536)
[2019.06.13-09.50.07:410][ 12]LogModuleManager: Shutting down and abandoning module GameProjectGeneration (535)
[2019.06.13-09.50.07:410][ 12]LogModuleManager: Shutting down and abandoning module LuminPlatformEditor (532)
[2019.06.13-09.50.07:410][ 12]LogModuleManager: Shutting down and abandoning module IOSPlatformEditor (530)
[2019.06.13-09.50.07:410][ 12]LogModuleManager: Shutting down and abandoning module HTML5PlatformEditor (528)
[2019.06.13-09.50.07:410][ 12]LogModuleManager: Shutting down and abandoning module AndroidPlatformEditor (526)
[2019.06.13-09.50.07:410][ 12]LogModuleManager: Shutting down and abandoning module AndroidDeviceDetection (525)
[2019.06.13-09.50.08:936][ 12]LogModuleManager: Shutting down and abandoning module WindowsPlatformEditor (522)
[2019.06.13-09.50.08:936][ 12]LogModuleManager: Shutting down and abandoning module LuminRuntimeSettings (520)
[2019.06.13-09.50.08:936][ 12]LogModuleManager: Shutting down and abandoning module IOSRuntimeSettings (518)
[2019.06.13-09.50.08:936][ 12]LogModuleManager: Shutting down and abandoning module AndroidRuntimeSettings (516)
[2019.06.13-09.50.08:936][ 12]LogModuleManager: Shutting down and abandoning module TimeManagementEditor (514)
[2019.06.13-09.50.08:936][ 12]LogModuleManager: Shutting down and abandoning module InputBindingEditor (512)
[2019.06.13-09.50.08:936][ 12]LogModuleManager: Shutting down and abandoning module MergeActors (510)
[2019.06.13-09.50.08:936][ 12]LogModuleManager: Shutting down and abandoning module LocalizationDashboard (508)
[2019.06.13-09.50.08:937][ 12]LogModuleManager: Shutting down and abandoning module LocalizationService (507)
[2019.06.13-09.50.08:937][ 12]LogModuleManager: Shutting down and abandoning module HardwareTargeting (504)
[2019.06.13-09.50.08:937][ 12]LogModuleManager: Shutting down and abandoning module DeviceProfileEditor (502)
[2019.06.13-09.50.08:937][ 12]LogModuleManager: Shutting down and abandoning module UndoHistory (500)
[2019.06.13-09.50.08:937][ 12]LogModuleManager: Shutting down and abandoning module XmlParser (498)
[2019.06.13-09.50.08:937][ 12]LogModuleManager: Shutting down and abandoning module Blutility (496)
[2019.06.13-09.50.08:937][ 12]LogModuleManager: Shutting down and abandoning module ProjectSettingsViewer (494)
[2019.06.13-09.50.08:937][ 12]LogModuleManager: Shutting down and abandoning module ProjectTargetPlatformEditor (493)
[2019.06.13-09.50.08:937][ 12]LogModuleManager: Shutting down and abandoning module EditorSettingsViewer (490)
[2019.06.13-09.50.08:937][ 12]LogModuleManager: Shutting down and abandoning module SettingsEditor (488)
[2019.06.13-09.50.08:937][ 12]LogModuleManager: Shutting down and abandoning module ProjectLauncher (486)
[2019.06.13-09.50.08:937][ 12]LogModuleManager: Shutting down and abandoning module SessionFrontend (484)
[2019.06.13-09.50.08:937][ 12]LogModuleManager: Shutting down and abandoning module ProfilerClient (482)
[2019.06.13-09.50.08:937][ 12]LogModuleManager: Shutting down and abandoning module DeviceManager (480)
[2019.06.13-09.50.08:937][ 12]LogModuleManager: Shutting down and abandoning module TargetDeviceServices (479)
[2019.06.13-09.50.08:979][ 12]LogModuleManager: Shutting down and abandoning module AutomationController (476)
[2019.06.13-09.50.08:979][ 12]LogModuleManager: Shutting down and abandoning module AutomationWindow (474)
[2019.06.13-09.50.08:979][ 12]LogModuleManager: Shutting down and abandoning module Layers (472)
[2019.06.13-09.50.08:979][ 12]LogModuleManager: Shutting down and abandoning module ComponentVisualizers (470)
[2019.06.13-09.50.08:979][ 12]LogModuleManager: Shutting down and abandoning module DetailCustomizations (468)
[2019.06.13-09.50.08:979][ 12]LogModuleManager: Shutting down and abandoning module PackagesDialog (466)
[2019.06.13-09.50.08:979][ 12]LogModuleManager: Shutting down and abandoning module AnimationBlueprintEditor (464)
[2019.06.13-09.50.08:979][ 12]LogModuleManager: Shutting down and abandoning module Persona (462)
[2019.06.13-09.50.08:979][ 12]LogModuleManager: Shutting down and abandoning module AdvancedPreviewScene (461)
[2019.06.13-09.50.08:979][ 12]LogModuleManager: Shutting down and abandoning module AnimGraph (459)
[2019.06.13-09.50.08:979][ 12]LogModuleManager: Shutting down and abandoning module Kismet (456)
[2019.06.13-09.50.08:979][ 12]LogModuleManager: Shutting down and abandoning module GraphEditor (454)
[2019.06.13-09.50.08:979][ 12]LogModuleManager: Shutting down and abandoning module ClassViewer (452)
[2019.06.13-09.50.08:979][ 12]LogModuleManager: Shutting down and abandoning module Toolbox (450)
[2019.06.13-09.50.08:979][ 12]LogModuleManager: Shutting down and abandoning module ModuleUI (448)
[2019.06.13-09.50.08:979][ 12]LogModuleManager: Shutting down and abandoning module MovieSceneTools (446)
[2019.06.13-09.50.08:979][ 12]LogModuleManager: Shutting down and abandoning module OutputLog (444)
[2019.06.13-09.50.08:979][ 12]LogModuleManager: Shutting down and abandoning module GammaUI (442)
[2019.06.13-09.50.08:979][ 12]LogModuleManager: Shutting down and abandoning module Documentation (440)
[2019.06.13-09.50.08:979][ 12]LogModuleManager: Shutting down and abandoning module LiveCoding (438)
[2019.06.13-09.50.08:979][ 12]LogModuleManager: Shutting down and abandoning module LevelSequence (436)
[2019.06.13-09.50.08:979][ 12]LogModuleManager: Shutting down and abandoning module MovieSceneTracks (434)
[2019.06.13-09.50.08:979][ 12]LogModuleManager: Shutting down and abandoning module MovieScene (432)
[2019.06.13-09.50.08:980][ 12]LogModuleManager: Shutting down and abandoning module StreamingPauseRendering (430)
[2019.06.13-09.50.08:980][ 12]LogModuleManager: Shutting down and abandoning module LauncherPlatform (428)
[2019.06.13-09.50.08:980][ 12]LogModuleManager: Shutting down and abandoning module AnalyticsET (426)
[2019.06.13-09.50.08:980][ 12]LogModuleManager: Shutting down and abandoning module PortalServices (424)
[2019.06.13-09.50.08:980][ 12]LogModuleManager: Shutting down and abandoning module PortalRpc (422)
[2019.06.13-09.50.08:980][ 12]LogModuleManager: Shutting down and abandoning module MessagingRpc (420)
[2019.06.13-09.50.08:980][ 12]LogModuleManager: Shutting down and abandoning module AIModule (418)
[2019.06.13-09.50.08:980][ 12]LogModuleManager: Shutting down and abandoning module GameplayDebugger (417)
[2019.06.13-09.50.08:980][ 12]LogModuleManager: Shutting down and abandoning module AITestSuite (415)
[2019.06.13-09.50.08:980][ 12]LogModuleManager: Shutting down and abandoning module NavigationSystem (413)
[2019.06.13-09.50.08:980][ 12]LogModuleManager: Shutting down and abandoning module DesktopPlatform (410)
[2019.06.13-09.50.08:980][ 12]LogModuleManager: Shutting down and abandoning module ImageWriteQueue (408)
[2019.06.13-09.50.08:982][ 12]LogModuleManager: Shutting down and abandoning module ProfilerService (406)
[2019.06.13-09.50.09:082][ 12]LogModuleManager: Shutting down and abandoning module TaskGraph (404)
[2019.06.13-09.50.09:083][ 12]LogModuleManager: Shutting down and abandoning module SteamVRController (402)
[2019.06.13-09.50.09:083][ 12]LogModuleManager: Shutting down and abandoning module ProceduralMeshComponentEditor (400)
[2019.06.13-09.50.09:083][ 12]LogModuleManager: Shutting down and abandoning module ProceduralMeshComponent (398)
[2019.06.13-09.50.09:083][ 12]LogModuleManager: Shutting down and abandoning module OculusEditor (396)
[2019.06.13-09.50.09:083][ 12]LogModuleManager: Shutting down and abandoning module OculusInput (394)
[2019.06.13-09.50.09:083][ 12]LogModuleManager: Shutting down and abandoning module MobilePatchingUtils (392)
[2019.06.13-09.50.09:083][ 12]LogModuleManager: Shutting down and abandoning module EditableMesh (390)
[2019.06.13-09.50.09:083][ 12]LogModuleManager: Shutting down and abandoning module CustomMeshComponent (388)
[2019.06.13-09.50.09:083][ 12]LogModuleManager: Shutting down and abandoning module CableComponent (386)
[2019.06.13-09.50.09:083][ 12]LogModuleManager: Shutting down and abandoning module AudioCapture (384)
[2019.06.13-09.50.09:083][ 12]LogModuleManager: Shutting down and abandoning module ArchVisCharacter (382)
[2019.06.13-09.50.09:083][ 12]LogModuleManager: Shutting down and abandoning module AndroidPermission (380)
[2019.06.13-09.50.09:083][ 12]LogModuleManager: Shutting down and abandoning module NUTUnrealEngine4 (378)
[2019.06.13-09.50.09:083][ 12]LogModuleManager: Shutting down and abandoning module NetcodeUnitTest (376)
[2019.06.13-09.50.09:083][ 12]LogModuleManager: Shutting down and abandoning module MediaCompositing (374)
[2019.06.13-09.50.09:083][ 12]LogModuleManager: Shutting down and abandoning module LinearTimecode (372)
[2019.06.13-09.50.09:083][ 12]LogModuleManager: Shutting down and abandoning module ImgMedia (370)
[2019.06.13-09.50.09:083][ 12]LogModuleManager: Shutting down and abandoning module MagicLeapHelperVulkan (368)
[2019.06.13-09.50.09:083][ 12]LogModuleManager: Shutting down and abandoning module MagicLeapHelperOpenGL (366)
[2019.06.13-09.50.09:083][ 12]LogModuleManager: Shutting down and abandoning module MagicLeapAudio (364)
[2019.06.13-09.50.09:083][ 12]LogModuleManager: Shutting down and abandoning module HTML5Networking (362)
[2019.06.13-09.50.09:083][ 12]LogModuleManager: Shutting down and abandoning module GeometryCacheTracks (360)
[2019.06.13-09.50.09:083][ 12]LogModuleManager: Shutting down and abandoning module GeometryCacheSequencer (358)
[2019.06.13-09.50.09:083][ 12]LogModuleManager: Shutting down and abandoning module BackChannel (356)
[2019.06.13-09.50.09:083][ 12]LogModuleManager: Shutting down and abandoning module AppleVision (354)
[2019.06.13-09.50.09:083][ 12]LogModuleManager: Shutting down and abandoning module AppleImageUtilsBlueprintSupport (352)
[2019.06.13-09.50.09:083][ 12]LogModuleManager: Shutting down and abandoning module AppleImageUtils (350)
[2019.06.13-09.50.09:083][ 12]LogModuleManager: Shutting down and abandoning module AlembicImporter (348)
[2019.06.13-09.50.09:083][ 12]LogModuleManager: Shutting down and abandoning module AlembicLibrary (347)
[2019.06.13-09.50.09:083][ 12]LogModuleManager: Shutting down and abandoning module GeometryCache (346)
[2019.06.13-09.50.09:083][ 12]LogModuleManager: Shutting down and abandoning module GeometryCacheEd (345)
[2019.06.13-09.50.09:083][ 12]LogModuleManager: Shutting down and abandoning module VariantManagerContent (340)
[2019.06.13-09.50.09:083][ 12]LogModuleManager: Shutting down and abandoning module DatasmithContentEditor (338)
[2019.06.13-09.50.09:083][ 12]LogModuleManager: Shutting down and abandoning module SpeedTreeImporter (336)
[2019.06.13-09.50.09:083][ 12]LogModuleManager: Shutting down and abandoning module PluginBrowser (334)
[2019.06.13-09.50.09:084][ 12]LogModuleManager: Shutting down and abandoning module MobileLauncherProfileWizard (332)
[2019.06.13-09.50.09:084][ 12]LogModuleManager: Shutting down and abandoning module MaterialAnalyzer (330)
[2019.06.13-09.50.09:084][ 12]LogModuleManager: Shutting down and abandoning module CryptoKeysOpenSSL (328)
[2019.06.13-09.50.09:084][ 12]LogModuleManager: Shutting down and abandoning module CryptoKeys (326)
[2019.06.13-09.50.09:084][ 12]LogModuleManager: Shutting down and abandoning module VisualStudioSourceCodeAccess (324)
[2019.06.13-09.50.09:084][ 12]LogModuleManager: Shutting down and abandoning module VisualStudioCodeSourceCodeAccess (322)
[2019.06.13-09.50.09:084][ 12]LogModuleManager: Shutting down and abandoning module UObjectPlugin (320)
[2019.06.13-09.50.09:084][ 12]LogModuleManager: Shutting down and abandoning module SubversionSourceControl (318)
[2019.06.13-09.50.09:084][ 12]LogModuleManager: Shutting down and abandoning module PerforceSourceControl (316)
[2019.06.13-09.50.09:084][ 12]LogModuleManager: Shutting down and abandoning module GitSourceControl (314)
[2019.06.13-09.50.09:084][ 12]LogModuleManager: Shutting down and abandoning module SourceControl (313)
[2019.06.13-09.50.09:084][ 12]LogModuleManager: Shutting down and abandoning module CLionSourceCodeAccess (310)
[2019.06.13-09.50.09:084][ 12]LogModuleManager: Shutting down and abandoning module AnimationSharingEd (308)
[2019.06.13-09.50.09:084][ 12]LogModuleManager: Shutting down and abandoning module ActorLayerUtilitiesEditor (306)
[2019.06.13-09.50.09:084][ 12]LogModuleManager: Shutting down and abandoning module ActorLayerUtilities (304)
[2019.06.13-09.50.09:084][ 12]LogModuleManager: Shutting down and abandoning module LightPropagationVolumeEditor (302)
[2019.06.13-09.50.09:084][ 12]LogModuleManager: Shutting down and abandoning module PaperTiledImporter (300)
[2019.06.13-09.50.09:084][ 12]LogModuleManager: Shutting down and abandoning module PaperSpriteSheetImporter (298)
[2019.06.13-09.50.09:084][ 12]LogModuleManager: Shutting down and abandoning module Paper2DEditor (296)
[2019.06.13-09.50.09:084][ 12]LogModuleManager: Shutting down and abandoning module SignificanceManager (294)
[2019.06.13-09.50.09:084][ 12]LogModuleManager: Shutting down and abandoning module RuntimePhysXCooking (292)
[2019.06.13-09.50.09:084][ 12]LogModuleManager: Shutting down and abandoning module PhysXVehiclesEditor (290)
[2019.06.13-09.50.09:084][ 12]LogModuleManager: Shutting down and abandoning module PhysXVehicles (288)
[2019.06.13-09.50.09:084][ 12]LogModuleManager: Shutting down and abandoning module LocationServicesBPLibrary (286)
[2019.06.13-09.50.09:084][ 12]LogModuleManager: Shutting down and abandoning module ActorSequence (284)
[2019.06.13-09.50.09:084][ 12]LogModuleManager: Shutting down and abandoning module UdpMessaging (282)
[2019.06.13-09.50.09:185][ 12]LogModuleManager: Shutting down and abandoning module TcpMessaging (280)
[2019.06.13-09.50.09:285][ 12]LogModuleManager: Shutting down and abandoning module MagicLeapIdentity (278)
[2019.06.13-09.50.09:285][ 12]LogModuleManager: Shutting down and abandoning module MagicLeapSecureStorage (276)
[2019.06.13-09.50.09:285][ 12]LogModuleManager: Shutting down and abandoning module MagicLeapHandTracking (274)
[2019.06.13-09.50.09:285][ 12]LogModuleManager: Shutting down and abandoning module MagicLeapEyeTracker (272)
[2019.06.13-09.50.09:285][ 12]LogModuleManager: Shutting down and abandoning module MagicLeapController (270)
[2019.06.13-09.50.09:285][ 12]LogSlate: Slate User Destroyed.  User Index 0, Is Virtual User: 0
[2019.06.13-09.50.09:285][ 12]LogModuleManager: Shutting down and abandoning module MagicLeapAR (268)
[2019.06.13-09.50.09:285][ 12]LogModuleManager: Shutting down and abandoning module AugmentedReality (267)
[2019.06.13-09.50.09:285][ 12]LogModuleManager: Shutting down and abandoning module GameplayTagsEditor (264)
[2019.06.13-09.50.09:285][ 12]LogModuleManager: Shutting down and abandoning module FacialAnimationEditor (262)
[2019.06.13-09.50.09:285][ 12]LogModuleManager: Shutting down and abandoning module FacialAnimation (260)
[2019.06.13-09.50.09:285][ 12]LogModuleManager: Shutting down and abandoning module DataValidation (258)
[2019.06.13-09.50.09:285][ 12]LogModuleManager: Shutting down and abandoning module AssetManagerEditor (256)
[2019.06.13-09.50.09:286][ 12]LogModuleManager: Shutting down and abandoning module LevelEditor (255)
[2019.06.13-09.50.09:286][ 12]LogModuleManager: Shutting down and abandoning module PixelInspectorModule (254)
[2019.06.13-09.50.09:286][ 12]LogModuleManager: Shutting down and abandoning module CommonMenuExtensions (252)
[2019.06.13-09.50.09:286][ 12]LogModuleManager: Shutting down and abandoning module MainFrame (250)
[2019.06.13-09.50.09:286][ 12]LogModuleManager: Shutting down and abandoning module HotReload (249)
[2019.06.13-09.50.09:287][ 12]LogModuleManager: Shutting down and abandoning module ContentBrowser (245)
[2019.06.13-09.50.09:287][ 12]LogModuleManager: Shutting down and abandoning module TreeMap (243)
[2019.06.13-09.50.09:288][ 12]LogModuleManager: Shutting down and abandoning module AnimationSharing (240)
[2019.06.13-09.50.09:288][ 12]LogModuleManager: Shutting down and abandoning module LightPropagationVolumeRuntime (238)
[2019.06.13-09.50.09:288][ 12]LogModuleManager: Shutting down and abandoning module AISupportModule (236)
[2019.06.13-09.50.09:288][ 12]LogModuleManager: Shutting down and abandoning module Paper2D (234)
[2019.06.13-09.50.09:288][ 12]LogModuleManager: Shutting down and abandoning module WindowsMoviePlayer (232)
[2019.06.13-09.50.09:288][ 12]LogModuleManager: Shutting down and abandoning module WebMMoviePlayer (230)
[2019.06.13-09.50.09:288][ 12]LogModuleManager: Shutting down and abandoning module PacketHandler (228)
[2019.06.13-09.50.09:288][ 12]LogModuleManager: Shutting down and abandoning module ClothingSystemEditor (226)
[2019.06.13-09.50.09:288][ 12]LogModuleManager: Shutting down and abandoning module ClothingSystemRuntime (224)
[2019.06.13-09.50.09:288][ 12]LogModuleManager: Shutting down and abandoning module MediaAssets (222)
[2019.06.13-09.50.09:288][ 12]LogModuleManager: Shutting down and abandoning module Overlay (220)
[2019.06.13-09.50.09:288][ 12]LogModuleManager: Shutting down and abandoning module OverlayEditor (219)
[2019.06.13-09.50.09:288][ 12]LogModuleManager: Shutting down and abandoning module VREditor (216)
[2019.06.13-09.50.09:288][ 12]LogModuleManager: Shutting down and abandoning module StringTableEditor (214)
[2019.06.13-09.50.09:288][ 12]LogModuleManager: Shutting down and abandoning module GameplayTasksEditor (212)
[2019.06.13-09.50.09:288][ 12]LogModuleManager: Shutting down and abandoning module BehaviorTreeEditor (210)
[2019.06.13-09.50.09:288][ 12]LogModuleManager: Shutting down and abandoning module FunctionalTesting (208)
[2019.06.13-09.50.09:288][ 12]LogModuleManager: Shutting down and abandoning module CollisionAnalyzer (206)
[2019.06.13-09.50.09:288][ 12]LogModuleManager: Shutting down and abandoning module WorkspaceMenuStructure (205)
[2019.06.13-09.50.09:288][ 12]LogModuleManager: Shutting down and abandoning module UMG (202)
[2019.06.13-09.50.09:288][ 12]LogModuleManager: Shutting down and abandoning module UMGEditor (201)
[2019.06.13-09.50.09:288][ 12]LogModuleManager: Shutting down and abandoning module Sequencer (200)
[2019.06.13-09.50.09:288][ 12]LogModuleManager: Shutting down and abandoning module MessageLog (197)
[2019.06.13-09.50.09:288][ 12]LogModuleManager: Shutting down and abandoning module SlateReflector (192)
[2019.06.13-09.50.09:288][ 12]LogModuleManager: Shutting down and abandoning module Slate (190)
[2019.06.13-09.50.09:288][ 12]LogModuleManager: Shutting down and abandoning module EditorStyle (188)
[2019.06.13-09.50.09:289][ 12]LogModuleManager: Shutting down and abandoning module UnrealEd (186)
[2019.06.13-09.50.09:289][ 12]LogModuleManager: Shutting down and abandoning module MRMesh (184)
[2019.06.13-09.50.09:289][ 12]LogModuleManager: Shutting down and abandoning module SourceCodeAccess (182)
[2019.06.13-09.50.09:289][ 12]LogModuleManager: Shutting down and abandoning module HeadMountedDisplay (180)
[2019.06.13-09.50.09:289][ 12]LogModuleManager: Shutting down and abandoning module XAudio2 (178)
[2019.06.13-09.50.09:289][ 12]LogModuleManager: Shutting down and abandoning module Networking (176)
[2019.06.13-09.50.09:289][ 12]LogModuleManager: Shutting down and abandoning module Core (174)
[2019.06.13-09.50.09:290][ 12]LogModuleManager: Shutting down and abandoning module KismetCompiler (172)
[2019.06.13-09.50.09:290][ 12]LogModuleManager: Shutting down and abandoning module MeshUtilities (170)
[2019.06.13-09.50.09:290][ 12]LogModuleManager: Shutting down and abandoning module MeshMergeUtilities (169)
[2019.06.13-09.50.09:290][ 12]LogModuleManager: Shutting down and abandoning module MeshReductionInterface (168)
[2019.06.13-09.50.09:290][ 12]LogModuleManager: Shutting down and abandoning module SkeletalMeshReduction (167)
[2019.06.13-09.50.09:290][ 12]LogModuleManager: Shutting down and abandoning module ProxyLODMeshReduction (165)
[2019.06.13-09.50.09:290][ 12]LogModuleManager: Shutting down and abandoning module QuadricMeshReduction (163)
[2019.06.13-09.50.09:290][ 12]LogModuleManager: Shutting down and abandoning module MaterialBaking (159)
[2019.06.13-09.50.09:290][ 12]LogModuleManager: Shutting down and abandoning module DerivedDataCache (154)
[2019.06.13-09.50.09:521][ 12]LogDerivedDataCache: Shutdown
[2019.06.13-09.50.09:521][ 12]LogModuleManager: Shutting down and abandoning module XGEController (152)
[2019.06.13-09.50.09:521][ 12]LogModuleManager: Shutting down and abandoning module TargetPlatform (150)
[2019.06.13-09.50.09:521][ 12]LogModuleManager: Shutting down and abandoning module VulkanShaderFormat (149)
[2019.06.13-09.50.09:521][ 12]LogModuleManager: Shutting down and abandoning module ShaderFormatVectorVM (147)
[2019.06.13-09.50.09:521][ 12]LogModuleManager: Shutting down and abandoning module ShaderFormatOpenGL (145)
[2019.06.13-09.50.09:521][ 12]LogModuleManager: Shutting down and abandoning module ShaderFormatD3D (143)
[2019.06.13-09.50.09:521][ 12]LogModuleManager: Shutting down and abandoning module MetalShaderFormat (141)
[2019.06.13-09.50.09:521][ 12]LogModuleManager: Shutting down and abandoning module TextureFormatUncompressed (139)
[2019.06.13-09.50.09:521][ 12]LogModuleManager: Shutting down and abandoning module TextureFormatPVR (137)
[2019.06.13-09.50.09:521][ 12]LogModuleManager: Shutting down and abandoning module TextureFormatDXT (135)
[2019.06.13-09.50.09:521][ 12]LogModuleManager: Shutting down and abandoning module TextureFormatIntelISPCTexComp (133)
[2019.06.13-09.50.09:521][ 12]LogModuleManager: Shutting down and abandoning module TextureFormatASTC (131)
[2019.06.13-09.50.09:521][ 12]LogModuleManager: Shutting down and abandoning module ImageWrapper (130)
[2019.06.13-09.50.09:521][ 12]LogModuleManager: Shutting down and abandoning module TextureFormatAndroid (127)
[2019.06.13-09.50.09:521][ 12]LogModuleManager: Shutting down and abandoning module AudioFormatOpus (125)
[2019.06.13-09.50.09:521][ 12]LogModuleManager: Shutting down and abandoning module AudioFormatOgg (123)
[2019.06.13-09.50.09:521][ 12]LogModuleManager: Shutting down and abandoning module AudioFormatADPCM (121)
[2019.06.13-09.50.09:521][ 12]LogModuleManager: Shutting down and abandoning module LuminTargetPlatform (119)
[2019.06.13-09.50.09:522][ 12]LogModuleManager: Shutting down and abandoning module LinuxTargetPlatform (117)
[2019.06.13-09.50.09:522][ 12]LogModuleManager: Shutting down and abandoning module LinuxServerTargetPlatform (115)
[2019.06.13-09.50.09:522][ 12]LogModuleManager: Shutting down and abandoning module LinuxNoEditorTargetPlatform (113)
[2019.06.13-09.50.09:522][ 12]LogModuleManager: Shutting down and abandoning module LinuxClientTargetPlatform (111)
[2019.06.13-09.50.09:522][ 12]LogModuleManager: Shutting down and abandoning module TVOSTargetPlatform (109)
[2019.06.13-09.50.09:523][ 12]LogModuleManager: Shutting down and abandoning module Messaging (107)
[2019.06.13-09.50.09:523][ 12]LogModuleManager: Shutting down and abandoning module IOSTargetPlatform (105)
[2019.06.13-09.50.09:524][ 12]LogModuleManager: Shutting down and abandoning module HTML5TargetPlatform (103)
[2019.06.13-09.50.09:524][ 12]LogModuleManager: Shutting down and abandoning module AndroidTargetPlatform (101)
[2019.06.13-09.50.09:530][ 12]LogModuleManager: Shutting down and abandoning module WindowsTargetPlatform (99)
[2019.06.13-09.50.09:530][ 12]LogModuleManager: Shutting down and abandoning module WindowsServerTargetPlatform (97)
[2019.06.13-09.50.09:530][ 12]LogModuleManager: Shutting down and abandoning module WindowsNoEditorTargetPlatform (95)
[2019.06.13-09.50.09:530][ 12]LogModuleManager: Shutting down and abandoning module WindowsClientTargetPlatform (93)
[2019.06.13-09.50.09:530][ 12]LogModuleManager: Shutting down and abandoning module MacTargetPlatform (91)
[2019.06.13-09.50.09:531][ 12]LogModuleManager: Shutting down and abandoning module MacServerTargetPlatform (89)
[2019.06.13-09.50.09:531][ 12]LogModuleManager: Shutting down and abandoning module MacNoEditorTargetPlatform (87)
[2019.06.13-09.50.09:531][ 12]LogModuleManager: Shutting down and abandoning module MacClientTargetPlatform (85)
[2019.06.13-09.50.09:531][ 12]LogModuleManager: Shutting down and abandoning module AllDesktopTargetPlatform (83)
[2019.06.13-09.50.09:531][ 12]LogModuleManager: Shutting down and abandoning module InputCore (80)
[2019.06.13-09.50.09:531][ 12]LogModuleManager: Shutting down and abandoning module Settings (78)
[2019.06.13-09.50.09:531][ 12]LogModuleManager: Shutting down and abandoning module DirectoryWatcher (76)
[2019.06.13-09.50.09:531][ 12]LogModuleManager: Shutting down and abandoning module PhysXCooking (74)
[2019.06.13-09.50.09:531][ 12]LogModuleManager: Shutting down and abandoning module SteamVR (72)
[2019.06.13-09.50.09:531][ 12]LogHMD: Freeing OpenVRDLLHandle.
[2019.06.13-09.50.09:531][ 12]LogModuleManager: Shutting down and abandoning module OculusHMD (70)
[2019.06.13-09.50.09:531][ 12]LogModuleManager: Shutting down and abandoning module ExampleDeviceProfileSelector (68)
[2019.06.13-09.50.09:531][ 12]LogModuleManager: Shutting down and abandoning module LauncherChunkInstaller (66)
[2019.06.13-09.50.09:531][ 12]LogModuleManager: Shutting down and abandoning module OnlineBlueprintSupport (64)
[2019.06.13-09.50.09:531][ 12]LogModuleManager: Shutting down and abandoning module OnlineSubsystem (60)
[2019.06.13-09.50.09:532][ 12]LogModuleManager: Shutting down and abandoning module XMPP (55)
[2019.06.13-09.50.09:532][ 12]LogModuleManager: Shutting down and abandoning module WebSockets (54)
[2019.06.13-09.50.09:547][ 12]LogModuleManager: Shutting down and abandoning module HTTP (51)
[2019.06.13-09.50.09:547][ 12]LogHttp: Display: Http module shutting down, but needs to wait on 1 outstanding Http requests:
[2019.06.13-09.50.09:547][ 12]LogHttp: Display: 	verb=[POST] url=[https://datarouter.ol.epicgames.com/datarouter/api/v1/public/data?SessionID=%7BCB38EF93-4CD1-78EB-23C1-249043A2480B%7D&AppID=UEEditor.Rocket.Release&AppVersion=4.22.2-6574378%2B%2B%2BUE4%2BRelease-4.22&UserID=049d3c1740e0b5d50bbb629fcab9606f%7C7b75ec76da38423680303e41a8ec33e6%7C38415d88-95c9-40a8-ad3e-cbfe3acc8a51&AppEnvironment=datacollector-binary&UploadType=eteventstream] status=Processing
[2019.06.13-09.50.09:579][ 12]LogModuleManager: Shutting down and abandoning module SSL (50)
[2019.06.13-09.50.09:580][ 12]LogModuleManager: Shutting down and abandoning module WmfMedia (46)
[2019.06.13-09.50.09:581][ 12]LogModuleManager: Shutting down and abandoning module Media (45)
[2019.06.13-09.50.09:587][ 12]LogModuleManager: Shutting down and abandoning module MagicLeap (42)
[2019.06.13-09.50.09:587][ 12]LogModuleManager: Shutting down and abandoning module DatasmithContent (40)
[2019.06.13-09.50.09:587][ 12]LogModuleManager: Shutting down and abandoning module AnimationModifiers (38)
[2019.06.13-09.50.09:588][ 12]LogModuleManager: Shutting down and abandoning module PropertyEditor (37)
[2019.06.13-09.50.09:588][ 12]LogModuleManager: Shutting down and abandoning module AudioEditor (34)
[2019.06.13-09.50.09:588][ 12]LogModuleManager: Shutting down and abandoning module TextureCompressor (32)
[2019.06.13-09.50.09:588][ 12]LogModuleManager: Shutting down and abandoning module RenderCore (30)
[2019.06.13-09.50.09:588][ 12]LogModuleManager: Shutting down and abandoning module Landscape (28)
[2019.06.13-09.50.09:588][ 12]LogModuleManager: Shutting down and abandoning module SlateRHIRenderer (26)
[2019.06.13-09.50.09:588][ 12]LogModuleManager: Shutting down and abandoning module OpenGLDrv (24)
[2019.06.13-09.50.09:588][ 12]LogModuleManager: Shutting down and abandoning module D3D11RHI (22)
[2019.06.13-09.50.09:588][ 12]LogModuleManager: Shutting down and abandoning module AnimGraphRuntime (20)
[2019.06.13-09.50.09:588][ 12]LogModuleManager: Shutting down and abandoning module Renderer (18)
[2019.06.13-09.50.09:588][ 12]LogModuleManager: Shutting down and abandoning module Engine (16)
[2019.06.13-09.50.09:588][ 12]LogModuleManager: Shutting down and abandoning module CoreUObject (14)
[2019.06.13-09.50.09:588][ 12]LogModuleManager: Shutting down and abandoning module NetworkFile (12)
[2019.06.13-09.50.09:588][ 12]LogModuleManager: Shutting down and abandoning module CookedIterativeFile (10)
[2019.06.13-09.50.09:588][ 12]LogModuleManager: Shutting down and abandoning module StreamingFile (8)
[2019.06.13-09.50.09:588][ 12]LogModuleManager: Shutting down and abandoning module SandboxFile (6)
[2019.06.13-09.50.09:588][ 12]LogModuleManager: Shutting down and abandoning module PakFile (4)
[2019.06.13-09.50.09:588][ 12]LogModuleManager: Shutting down and abandoning module RSA (3)
[2019.06.13-09.50.09:594][ 12]LogExit: Exiting.
[2019.06.13-09.50.09:601][ 12]Log file closed, 06/13/19 19:50:09
